[2.300s] Invoking command in '/users/1047487/rka/ros/build/odom2pose': PYTHONPATH=/users/1047487/rka/ros/build/odom2pose/prefix_override:/usr/lib/python3/dist-packages/colcon_core/task/python/colcon_distutils_commands:/users/1047487/rka/ros/install/odom2pose/lib/python3.10/site-packages:${PYTHONPATH} /usr/bin/python3 -W ignore:setup.py install is deprecated setup.py develop --editable --build-directory /users/1047487/rka/ros/build/odom2pose/build --no-deps symlink_data
[2.496s] /users/1047487/.local/lib/python3.10/site-packages/setuptools/_distutils/dist.py:261: UserWarning: Unknown distribution option: 'tests_require'
[2.497s]   warnings.warn(msg)
[2.807s] running develop
[2.807s] /users/1047487/.local/lib/python3.10/site-packages/setuptools/command/develop.py:41: EasyInstallDeprecationWarning: easy_install command is deprecated.
[2.807s] !!
[2.807s] 
[2.807s]         ********************************************************************************
[2.807s]         Please avoid running ``setup.py`` and ``easy_install``.
[2.808s]         Instead, use pypa/build, pypa/installer or other
[2.808s]         standards-based tools.
[2.808s] 
[2.808s]         See https://github.com/pypa/setuptools/issues/917 for details.
[2.808s]         ********************************************************************************
[2.808s] 
[2.808s] !!
[2.808s]   easy_install.initialize_options(self)
[3.232s] running egg_info
[3.267s] writing odom2pose.egg-info/PKG-INFO
[3.268s] writing dependency_links to odom2pose.egg-info/dependency_links.txt
[3.268s] writing entry points to odom2pose.egg-info/entry_points.txt
[3.268s] writing requirements to odom2pose.egg-info/requires.txt
[3.268s] writing top-level names to odom2pose.egg-info/top_level.txt
[3.337s] reading manifest file 'odom2pose.egg-info/SOURCES.txt'
[3.339s] writing manifest file 'odom2pose.egg-info/SOURCES.txt'
[3.430s] running build_ext
[3.430s] Creating /users/1047487/rka/ros/install/odom2pose/lib/python3.10/site-packages/odom2pose.egg-link (link to .)
[3.433s] Installing odom2pose script to /users/1047487/rka/ros/install/odom2pose/lib/odom2pose
[3.433s] 
[3.433s] Installed /users/1047487/rka/ros/build/odom2pose
[3.433s] running symlink_data
[3.534s] Invoked command in '/users/1047487/rka/ros/build/odom2pose' returned '0': PYTHONPATH=/users/1047487/rka/ros/build/odom2pose/prefix_override:/usr/lib/python3/dist-packages/colcon_core/task/python/colcon_distutils_commands:/users/1047487/rka/ros/install/odom2pose/lib/python3.10/site-packages:${PYTHONPATH} /usr/bin/python3 -W ignore:setup.py install is deprecated setup.py develop --editable --build-directory /users/1047487/rka/ros/build/odom2pose/build --no-deps symlink_data
