[3.008s] Invoking command in '/users/1047487/rka/ros/build/odom2pose': PYTHONPATH=/users/1047487/rka/ros/build/odom2pose/prefix_override:/usr/lib/python3/dist-packages/colcon_core/task/python/colcon_distutils_commands:/users/1047487/rka/ros/install/odom2pose/lib/python3.10/site-packages:${PYTHONPATH} /usr/bin/python3 -W ignore:setup.py install is deprecated setup.py develop --editable --build-directory /users/1047487/rka/ros/build/odom2pose/build --no-deps symlink_data
[3.293s] /users/1047487/.local/lib/python3.10/site-packages/setuptools/_distutils/dist.py:261: UserWarning: Unknown distribution option: 'tests_require'
[3.294s]   warnings.warn(msg)
[3.746s] running develop
[3.746s] /users/1047487/.local/lib/python3.10/site-packages/setuptools/command/develop.py:41: EasyInstallDeprecationWarning: easy_install command is deprecated.
[3.746s] !!
[3.746s] 
[3.746s]         ********************************************************************************
[3.747s]         Please avoid running ``setup.py`` and ``easy_install``.
[3.747s]         Instead, use pypa/build, pypa/installer or other
[3.747s]         standards-based tools.
[3.747s] 
[3.747s]         See https://github.com/pypa/setuptools/issues/917 for details.
[3.747s]         ********************************************************************************
[3.747s] 
[3.747s] !!
[3.748s]   easy_install.initialize_options(self)
[4.340s] running egg_info
[4.384s] writing odom2pose.egg-info/PKG-INFO
[4.384s] writing dependency_links to odom2pose.egg-info/dependency_links.txt
[4.385s] writing entry points to odom2pose.egg-info/entry_points.txt
[4.385s] writing requirements to odom2pose.egg-info/requires.txt
[4.385s] writing top-level names to odom2pose.egg-info/top_level.txt
[4.475s] reading manifest file 'odom2pose.egg-info/SOURCES.txt'
[4.476s] writing manifest file 'odom2pose.egg-info/SOURCES.txt'
[4.575s] running build_ext
[4.576s] Creating /users/1047487/rka/ros/install/odom2pose/lib/python3.10/site-packages/odom2pose.egg-link (link to .)
[4.577s] Installing odom2pose script to /users/1047487/rka/ros/install/odom2pose/lib/odom2pose
[4.577s] 
[4.577s] Installed /users/1047487/rka/ros/build/odom2pose
[4.577s] running symlink_data
[4.677s] Invoked command in '/users/1047487/rka/ros/build/odom2pose' returned '0': PYTHONPATH=/users/1047487/rka/ros/build/odom2pose/prefix_override:/usr/lib/python3/dist-packages/colcon_core/task/python/colcon_distutils_commands:/users/1047487/rka/ros/install/odom2pose/lib/python3.10/site-packages:${PYTHONPATH} /usr/bin/python3 -W ignore:setup.py install is deprecated setup.py develop --editable --build-directory /users/1047487/rka/ros/build/odom2pose/build --no-deps symlink_data
