[3.001s] Invoking command in '/users/1047487/rka/ros/build/wall_following': PYTHONPATH=/users/1047487/rka/ros/build/wall_following/prefix_override:/usr/lib/python3/dist-packages/colcon_core/task/python/colcon_distutils_commands:/users/1047487/rka/ros/install/wall_following/lib/python3.10/site-packages:${PYTHONPATH} /usr/bin/python3 -W ignore:setup.py install is deprecated setup.py develop --editable --build-directory /users/1047487/rka/ros/build/wall_following/build --no-deps symlink_data
[3.299s] /users/1047487/.local/lib/python3.10/site-packages/setuptools/_distutils/dist.py:261: UserWarning: Unknown distribution option: 'tests_require'
[3.299s]   warnings.warn(msg)
[3.747s] running develop
[3.748s] /users/1047487/.local/lib/python3.10/site-packages/setuptools/command/develop.py:41: EasyInstallDeprecationWarning: easy_install command is deprecated.
[3.748s] !!
[3.748s] 
[3.748s]         ********************************************************************************
[3.748s]         Please avoid running ``setup.py`` and ``easy_install``.
[3.748s]         Instead, use pypa/build, pypa/installer or other
[3.749s]         standards-based tools.
[3.749s] 
[3.749s]         See https://github.com/pypa/setuptools/issues/917 for details.
[3.749s]         ********************************************************************************
[3.749s] 
[3.749s] !!
[3.749s]   easy_install.initialize_options(self)
[4.523s] running egg_info
[4.585s] writing wall_following.egg-info/PKG-INFO
[4.586s] writing dependency_links to wall_following.egg-info/dependency_links.txt
[4.586s] writing entry points to wall_following.egg-info/entry_points.txt
[4.586s] writing requirements to wall_following.egg-info/requires.txt
[4.586s] writing top-level names to wall_following.egg-info/top_level.txt
[4.687s] reading manifest file 'wall_following.egg-info/SOURCES.txt'
[4.689s] writing manifest file 'wall_following.egg-info/SOURCES.txt'
[4.787s] running build_ext
[4.787s] Creating /users/1047487/rka/ros/install/wall_following/lib/python3.10/site-packages/wall-following.egg-link (link to .)
[4.788s] Installing wall_follow_d script to /users/1047487/rka/ros/install/wall_following/lib/wall_following
[4.788s] Installing wall_follow_ls script to /users/1047487/rka/ros/install/wall_following/lib/wall_following
[4.789s] 
[4.789s] Installed /users/1047487/rka/ros/build/wall_following
[4.789s] running symlink_data
[4.887s] Invoked command in '/users/1047487/rka/ros/build/wall_following' returned '0': PYTHONPATH=/users/1047487/rka/ros/build/wall_following/prefix_override:/usr/lib/python3/dist-packages/colcon_core/task/python/colcon_distutils_commands:/users/1047487/rka/ros/install/wall_following/lib/python3.10/site-packages:${PYTHONPATH} /usr/bin/python3 -W ignore:setup.py install is deprecated setup.py develop --editable --build-directory /users/1047487/rka/ros/build/wall_following/build --no-deps symlink_data
