[2.556s] Invoking command in '/users/1047487/rka/ros/build/rosbot_spin': PYTHONPATH=/users/1047487/rka/ros/build/rosbot_spin/prefix_override:/usr/lib/python3/dist-packages/colcon_core/task/python/colcon_distutils_commands:/users/1047487/rka/ros/install/rosbot_spin/lib/python3.10/site-packages:${PYTHONPATH} /usr/bin/python3 -W ignore:setup.py install is deprecated setup.py develop --editable --build-directory /users/1047487/rka/ros/build/rosbot_spin/build --no-deps symlink_data
[2.834s] /users/1047487/.local/lib/python3.10/site-packages/setuptools/_distutils/dist.py:261: UserWarning: Unknown distribution option: 'tests_require'
[2.834s]   warnings.warn(msg)
[3.256s] running develop
[3.256s] /users/1047487/.local/lib/python3.10/site-packages/setuptools/command/develop.py:41: EasyInstallDeprecationWarning: easy_install command is deprecated.
[3.256s] !!
[3.256s] 
[3.256s]         ********************************************************************************
[3.256s]         Please avoid running ``setup.py`` and ``easy_install``.
[3.256s]         Instead, use pypa/build, pypa/installer or other
[3.256s]         standards-based tools.
[3.256s] 
[3.257s]         See https://github.com/pypa/setuptools/issues/917 for details.
[3.257s]         ********************************************************************************
[3.257s] 
[3.257s] !!
[3.257s]   easy_install.initialize_options(self)
[3.835s] running egg_info
[3.835s] creating rosbot_spin.egg-info
[3.878s] writing rosbot_spin.egg-info/PKG-INFO
[3.878s] writing dependency_links to rosbot_spin.egg-info/dependency_links.txt
[3.879s] writing entry points to rosbot_spin.egg-info/entry_points.txt
[3.879s] writing requirements to rosbot_spin.egg-info/requires.txt
[3.879s] writing top-level names to rosbot_spin.egg-info/top_level.txt
[3.879s] writing manifest file 'rosbot_spin.egg-info/SOURCES.txt'
[3.969s] reading manifest file 'rosbot_spin.egg-info/SOURCES.txt'
[3.971s] writing manifest file 'rosbot_spin.egg-info/SOURCES.txt'
[4.061s] running build_ext
[4.061s] Creating /users/1047487/rka/ros/install/rosbot_spin/lib/python3.10/site-packages/rosbot-spin.egg-link (link to .)
[4.063s] Installing rspin script to /users/1047487/rka/ros/install/rosbot_spin/lib/rosbot_spin
[4.064s] 
[4.064s] Installed /users/1047487/rka/ros/build/rosbot_spin
[4.064s] running symlink_data
[4.064s] creating /users/1047487/rka/ros/install/rosbot_spin/share/ament_index
[4.064s] creating /users/1047487/rka/ros/install/rosbot_spin/share/ament_index/resource_index
[4.065s] creating /users/1047487/rka/ros/install/rosbot_spin/share/ament_index/resource_index/packages
[4.065s] symbolically linking /users/1047487/rka/ros/build/rosbot_spin/resource/rosbot_spin -> /users/1047487/rka/ros/install/rosbot_spin/share/ament_index/resource_index/packages
[4.065s] symbolically linking /users/1047487/rka/ros/build/rosbot_spin/package.xml -> /users/1047487/rka/ros/install/rosbot_spin/share/rosbot_spin
[4.065s] creating /users/1047487/rka/ros/install/rosbot_spin/share/rosbot_spin/launch
[4.065s] symbolically linking /users/1047487/rka/ros/build/rosbot_spin/launch/rspin.launch.py -> /users/1047487/rka/ros/install/rosbot_spin/share/rosbot_spin/launch
[4.182s] Invoked command in '/users/1047487/rka/ros/build/rosbot_spin' returned '0': PYTHONPATH=/users/1047487/rka/ros/build/rosbot_spin/prefix_override:/usr/lib/python3/dist-packages/colcon_core/task/python/colcon_distutils_commands:/users/1047487/rka/ros/install/rosbot_spin/lib/python3.10/site-packages:${PYTHONPATH} /usr/bin/python3 -W ignore:setup.py install is deprecated setup.py develop --editable --build-directory /users/1047487/rka/ros/build/rosbot_spin/build --no-deps symlink_data
