[1.818s] Invoking command in '/users/1047487/rka/ros/build/odom2pose': PYTHONPATH=/users/1047487/rka/ros/build/odom2pose/prefix_override:/usr/lib/python3/dist-packages/colcon_core/task/python/colcon_distutils_commands:/users/1047487/rka/ros/install/odom2pose/lib/python3.10/site-packages:${PYTHONPATH} /usr/bin/python3 -W ignore:setup.py install is deprecated setup.py develop --editable --build-directory /users/1047487/rka/ros/build/odom2pose/build --no-deps symlink_data
[2.003s] /users/1047487/.local/lib/python3.10/site-packages/setuptools/_distutils/dist.py:261: UserWarning: Unknown distribution option: 'tests_require'
[2.003s]   warnings.warn(msg)
[2.305s] running develop
[2.305s] /users/1047487/.local/lib/python3.10/site-packages/setuptools/command/develop.py:41: EasyInstallDeprecationWarning: easy_install command is deprecated.
[2.305s] !!
[2.305s] 
[2.305s]         ********************************************************************************
[2.305s]         Please avoid running ``setup.py`` and ``easy_install``.
[2.305s]         Instead, use pypa/build, pypa/installer or other
[2.306s]         standards-based tools.
[2.306s] 
[2.306s]         See https://github.com/pypa/setuptools/issues/917 for details.
[2.306s]         ********************************************************************************
[2.306s] 
[2.306s] !!
[2.306s]   easy_install.initialize_options(self)
[2.718s] running egg_info
[2.718s] creating odom2pose.egg-info
[2.750s] writing odom2pose.egg-info/PKG-INFO
[2.751s] writing dependency_links to odom2pose.egg-info/dependency_links.txt
[2.751s] writing entry points to odom2pose.egg-info/entry_points.txt
[2.752s] writing requirements to odom2pose.egg-info/requires.txt
[2.752s] writing top-level names to odom2pose.egg-info/top_level.txt
[2.752s] writing manifest file 'odom2pose.egg-info/SOURCES.txt'
[2.815s] reading manifest file 'odom2pose.egg-info/SOURCES.txt'
[2.816s] writing manifest file 'odom2pose.egg-info/SOURCES.txt'
[2.883s] running build_ext
[2.883s] Creating /users/1047487/rka/ros/install/odom2pose/lib/python3.10/site-packages/odom2pose.egg-link (link to .)
[2.885s] Installing odom2pose script to /users/1047487/rka/ros/install/odom2pose/lib/odom2pose
[2.885s] 
[2.886s] Installed /users/1047487/rka/ros/build/odom2pose
[2.886s] running symlink_data
[2.886s] creating /users/1047487/rka/ros/install/odom2pose/share/ament_index
[2.886s] creating /users/1047487/rka/ros/install/odom2pose/share/ament_index/resource_index
[2.886s] creating /users/1047487/rka/ros/install/odom2pose/share/ament_index/resource_index/packages
[2.887s] symbolically linking /users/1047487/rka/ros/build/odom2pose/resource/odom2pose -> /users/1047487/rka/ros/install/odom2pose/share/ament_index/resource_index/packages
[2.887s] symbolically linking /users/1047487/rka/ros/build/odom2pose/package.xml -> /users/1047487/rka/ros/install/odom2pose/share/odom2pose
[2.974s] Invoked command in '/users/1047487/rka/ros/build/odom2pose' returned '0': PYTHONPATH=/users/1047487/rka/ros/build/odom2pose/prefix_override:/usr/lib/python3/dist-packages/colcon_core/task/python/colcon_distutils_commands:/users/1047487/rka/ros/install/odom2pose/lib/python3.10/site-packages:${PYTHONPATH} /usr/bin/python3 -W ignore:setup.py install is deprecated setup.py develop --editable --build-directory /users/1047487/rka/ros/build/odom2pose/build --no-deps symlink_data
