running develop
running egg_info
creating rosbot_spin.egg-info
writing rosbot_spin.egg-info/PKG-INFO
writing dependency_links to rosbot_spin.egg-info/dependency_links.txt
writing entry points to rosbot_spin.egg-info/entry_points.txt
writing requirements to rosbot_spin.egg-info/requires.txt
writing top-level names to rosbot_spin.egg-info/top_level.txt
writing manifest file 'rosbot_spin.egg-info/SOURCES.txt'
reading manifest file 'rosbot_spin.egg-info/SOURCES.txt'
writing manifest file 'rosbot_spin.egg-info/SOURCES.txt'
running build_ext
Creating /users/1047487/rka/ros/install/rosbot_spin/lib/python3.10/site-packages/rosbot-spin.egg-link (link to .)
Installing rspin script to /users/1047487/rka/ros/install/rosbot_spin/lib/rosbot_spin

Installed /users/1047487/rka/ros/build/rosbot_spin
running symlink_data
creating /users/1047487/rka/ros/install/rosbot_spin/share/ament_index
creating /users/1047487/rka/ros/install/rosbot_spin/share/ament_index/resource_index
creating /users/1047487/rka/ros/install/rosbot_spin/share/ament_index/resource_index/packages
symbolically linking /users/1047487/rka/ros/build/rosbot_spin/resource/rosbot_spin -> /users/1047487/rka/ros/install/rosbot_spin/share/ament_index/resource_index/packages
symbolically linking /users/1047487/rka/ros/build/rosbot_spin/package.xml -> /users/1047487/rka/ros/install/rosbot_spin/share/rosbot_spin
creating /users/1047487/rka/ros/install/rosbot_spin/share/rosbot_spin/launch
symbolically linking /users/1047487/rka/ros/build/rosbot_spin/launch/rspin.launch.py -> /users/1047487/rka/ros/install/rosbot_spin/share/rosbot_spin/launch
