[1.357s] Invoking command in '/users/1047487/rka/ros/build/rosbot_spin': PYTHONPATH=/users/1047487/rka/ros/build/rosbot_spin/prefix_override:/usr/lib/python3/dist-packages/colcon_core/task/python/colcon_distutils_commands:/users/1047487/rka/ros/install/rosbot_spin/lib/python3.10/site-packages:${PYTHONPATH} /usr/bin/python3 -W ignore:setup.py install is deprecated setup.py develop --editable --build-directory /users/1047487/rka/ros/build/rosbot_spin/build --no-deps symlink_data
[1.532s] /users/1047487/.local/lib/python3.10/site-packages/setuptools/_distutils/dist.py:261: UserWarning: Unknown distribution option: 'tests_require'
[1.532s]   warnings.warn(msg)
[1.818s] running develop
[1.819s] /users/1047487/.local/lib/python3.10/site-packages/setuptools/command/develop.py:41: EasyInstallDeprecationWarning: easy_install command is deprecated.
[1.819s] !!
[1.819s] 
[1.819s]         ********************************************************************************
[1.819s]         Please avoid running ``setup.py`` and ``easy_install``.
[1.819s]         Instead, use pypa/build, pypa/installer or other
[1.819s]         standards-based tools.
[1.819s] 
[1.819s]         See https://github.com/pypa/setuptools/issues/917 for details.
[1.819s]         ********************************************************************************
[1.820s] 
[1.820s] !!
[1.820s]   easy_install.initialize_options(self)
[2.201s] running egg_info
[2.201s] creating rosbot_spin.egg-info
[2.231s] writing rosbot_spin.egg-info/PKG-INFO
[2.232s] writing dependency_links to rosbot_spin.egg-info/dependency_links.txt
[2.232s] writing entry points to rosbot_spin.egg-info/entry_points.txt
[2.232s] writing requirements to rosbot_spin.egg-info/requires.txt
[2.232s] writing top-level names to rosbot_spin.egg-info/top_level.txt
[2.232s] writing manifest file 'rosbot_spin.egg-info/SOURCES.txt'
[2.291s] reading manifest file 'rosbot_spin.egg-info/SOURCES.txt'
[2.292s] writing manifest file 'rosbot_spin.egg-info/SOURCES.txt'
[2.355s] running build_ext
[2.355s] Creating /users/1047487/rka/ros/install/rosbot_spin/lib/python3.10/site-packages/rosbot-spin.egg-link (link to .)
[2.356s] Installing rspin script to /users/1047487/rka/ros/install/rosbot_spin/lib/rosbot_spin
[2.356s] 
[2.356s] Installed /users/1047487/rka/ros/build/rosbot_spin
[2.356s] running symlink_data
[2.357s] creating /users/1047487/rka/ros/install/rosbot_spin/share/ament_index
[2.357s] creating /users/1047487/rka/ros/install/rosbot_spin/share/ament_index/resource_index
[2.357s] creating /users/1047487/rka/ros/install/rosbot_spin/share/ament_index/resource_index/packages
[2.357s] symbolically linking /users/1047487/rka/ros/build/rosbot_spin/resource/rosbot_spin -> /users/1047487/rka/ros/install/rosbot_spin/share/ament_index/resource_index/packages
[2.357s] symbolically linking /users/1047487/rka/ros/build/rosbot_spin/package.xml -> /users/1047487/rka/ros/install/rosbot_spin/share/rosbot_spin
[2.357s] creating /users/1047487/rka/ros/install/rosbot_spin/share/rosbot_spin/launch
[2.357s] symbolically linking /users/1047487/rka/ros/build/rosbot_spin/launch/rspin.launch.py -> /users/1047487/rka/ros/install/rosbot_spin/share/rosbot_spin/launch
[2.400s] Invoked command in '/users/1047487/rka/ros/build/rosbot_spin' returned '0': PYTHONPATH=/users/1047487/rka/ros/build/rosbot_spin/prefix_override:/usr/lib/python3/dist-packages/colcon_core/task/python/colcon_distutils_commands:/users/1047487/rka/ros/install/rosbot_spin/lib/python3.10/site-packages:${PYTHONPATH} /usr/bin/python3 -W ignore:setup.py install is deprecated setup.py develop --editable --build-directory /users/1047487/rka/ros/build/rosbot_spin/build --no-deps symlink_data
