[3.034s] Invoking command in '/users/1047487/rka/ros/build/rwander': PYTHONPATH=/users/1047487/rka/ros/build/rwander/prefix_override:/usr/lib/python3/dist-packages/colcon_core/task/python/colcon_distutils_commands:/users/1047487/rka/ros/install/rwander/lib/python3.10/site-packages:${PYTHONPATH} /usr/bin/python3 -W ignore:setup.py install is deprecated setup.py develop --editable --build-directory /users/1047487/rka/ros/build/rwander/build --no-deps symlink_data
[3.324s] /users/1047487/.local/lib/python3.10/site-packages/setuptools/_distutils/dist.py:261: UserWarning: Unknown distribution option: 'tests_require'
[3.324s]   warnings.warn(msg)
[3.775s] running develop
[3.775s] /users/1047487/.local/lib/python3.10/site-packages/setuptools/command/develop.py:41: EasyInstallDeprecationWarning: easy_install command is deprecated.
[3.775s] !!
[3.775s] 
[3.775s]         ********************************************************************************
[3.775s]         Please avoid running ``setup.py`` and ``easy_install``.
[3.776s]         Instead, use pypa/build, pypa/installer or other
[3.776s]         standards-based tools.
[3.776s] 
[3.776s]         See https://github.com/pypa/setuptools/issues/917 for details.
[3.776s]         ********************************************************************************
[3.776s] 
[3.776s] !!
[3.776s]   easy_install.initialize_options(self)
[4.371s] running egg_info
[4.417s] writing rwander.egg-info/PKG-INFO
[4.418s] writing dependency_links to rwander.egg-info/dependency_links.txt
[4.418s] writing entry points to rwander.egg-info/entry_points.txt
[4.418s] writing requirements to rwander.egg-info/requires.txt
[4.418s] writing top-level names to rwander.egg-info/top_level.txt
[4.511s] reading manifest file 'rwander.egg-info/SOURCES.txt'
[4.513s] writing manifest file 'rwander.egg-info/SOURCES.txt'
[4.620s] running build_ext
[4.621s] Creating /users/1047487/rka/ros/install/rwander/lib/python3.10/site-packages/rwander.egg-link (link to .)
[4.622s] Installing rwander script to /users/1047487/rka/ros/install/rwander/lib/rwander
[4.623s] 
[4.623s] Installed /users/1047487/rka/ros/build/rwander
[4.624s] running symlink_data
[4.725s] Invoked command in '/users/1047487/rka/ros/build/rwander' returned '0': PYTHONPATH=/users/1047487/rka/ros/build/rwander/prefix_override:/usr/lib/python3/dist-packages/colcon_core/task/python/colcon_distutils_commands:/users/1047487/rka/ros/install/rwander/lib/python3.10/site-packages:${PYTHONPATH} /usr/bin/python3 -W ignore:setup.py install is deprecated setup.py develop --editable --build-directory /users/1047487/rka/ros/build/rwander/build --no-deps symlink_data
