/users/1047487/.local/lib/python3.10/site-packages/setuptools/_distutils/dist.py:261: UserWarning: Unknown distribution option: 'tests_require'
  warnings.warn(msg)
running develop
/users/1047487/.local/lib/python3.10/site-packages/setuptools/command/develop.py:41: EasyInstallDeprecationWarning: easy_install command is deprecated.
!!

        ********************************************************************************
        Please avoid running ``setup.py`` and ``easy_install``.
        Instead, use pypa/build, pypa/installer or other
        standards-based tools.

        See https://github.com/pypa/setuptools/issues/917 for details.
        ********************************************************************************

!!
  easy_install.initialize_options(self)
running egg_info
writing rosbot_spin.egg-info/PKG-INFO
writing dependency_links to rosbot_spin.egg-info/dependency_links.txt
writing entry points to rosbot_spin.egg-info/entry_points.txt
writing requirements to rosbot_spin.egg-info/requires.txt
writing top-level names to rosbot_spin.egg-info/top_level.txt
reading manifest file 'rosbot_spin.egg-info/SOURCES.txt'
writing manifest file 'rosbot_spin.egg-info/SOURCES.txt'
running build_ext
Creating /users/1047487/rka/ros/install/rosbot_spin/lib/python3.10/site-packages/rosbot-spin.egg-link (link to .)
Installing rspin script to /users/1047487/rka/ros/install/rosbot_spin/lib/rosbot_spin

Installed /users/1047487/rka/ros/build/rosbot_spin
running symlink_data
