[2.292s] Invoking command in '/users/1047487/rka/ros/build/rosbot_spin': PYTHONPATH=/users/1047487/rka/ros/build/rosbot_spin/prefix_override:/usr/lib/python3/dist-packages/colcon_core/task/python/colcon_distutils_commands:/users/1047487/rka/ros/install/rosbot_spin/lib/python3.10/site-packages:${PYTHONPATH} /usr/bin/python3 -W ignore:setup.py install is deprecated setup.py develop --editable --build-directory /users/1047487/rka/ros/build/rosbot_spin/build --no-deps symlink_data
[2.490s] /users/1047487/.local/lib/python3.10/site-packages/setuptools/_distutils/dist.py:261: UserWarning: Unknown distribution option: 'tests_require'
[2.490s]   warnings.warn(msg)
[2.803s] running develop
[2.803s] /users/1047487/.local/lib/python3.10/site-packages/setuptools/command/develop.py:41: EasyInstallDeprecationWarning: easy_install command is deprecated.
[2.803s] !!
[2.803s] 
[2.804s]         ********************************************************************************
[2.804s]         Please avoid running ``setup.py`` and ``easy_install``.
[2.804s]         Instead, use pypa/build, pypa/installer or other
[2.804s]         standards-based tools.
[2.804s] 
[2.804s]         See https://github.com/pypa/setuptools/issues/917 for details.
[2.804s]         ********************************************************************************
[2.804s] 
[2.805s] !!
[2.805s]   easy_install.initialize_options(self)
[3.231s] running egg_info
[3.263s] writing rosbot_spin.egg-info/PKG-INFO
[3.264s] writing dependency_links to rosbot_spin.egg-info/dependency_links.txt
[3.264s] writing entry points to rosbot_spin.egg-info/entry_points.txt
[3.264s] writing requirements to rosbot_spin.egg-info/requires.txt
[3.264s] writing top-level names to rosbot_spin.egg-info/top_level.txt
[3.330s] reading manifest file 'rosbot_spin.egg-info/SOURCES.txt'
[3.331s] writing manifest file 'rosbot_spin.egg-info/SOURCES.txt'
[3.401s] running build_ext
[3.401s] Creating /users/1047487/rka/ros/install/rosbot_spin/lib/python3.10/site-packages/rosbot-spin.egg-link (link to .)
[3.403s] Installing rspin script to /users/1047487/rka/ros/install/rosbot_spin/lib/rosbot_spin
[3.403s] 
[3.403s] Installed /users/1047487/rka/ros/build/rosbot_spin
[3.403s] running symlink_data
[3.506s] Invoked command in '/users/1047487/rka/ros/build/rosbot_spin' returned '0': PYTHONPATH=/users/1047487/rka/ros/build/rosbot_spin/prefix_override:/usr/lib/python3/dist-packages/colcon_core/task/python/colcon_distutils_commands:/users/1047487/rka/ros/install/rosbot_spin/lib/python3.10/site-packages:${PYTHONPATH} /usr/bin/python3 -W ignore:setup.py install is deprecated setup.py develop --editable --build-directory /users/1047487/rka/ros/build/rosbot_spin/build --no-deps symlink_data
