[0.150s] DEBUG:colcon:Command line arguments: ['/usr/bin/colcon', 'build', '--symlink-install']
[0.150s] DEBUG:colcon:Parsed command line arguments: Namespace(log_base=None, log_level=None, verb_name='build', build_base='build', install_base='install', merge_install=False, symlink_install=True, test_result_base=None, continue_on_error=False, executor='parallel', parallel_workers=8, event_handlers=None, ignore_user_meta=False, metas=['./colcon.meta'], base_paths=['.'], packages_ignore=None, packages_ignore_regex=None, paths=None, packages_up_to=None, packages_up_to_regex=None, packages_above=None, packages_above_and_dependencies=None, packages_above_depth=None, packages_select_by_dep=None, packages_skip_by_dep=None, packages_skip_up_to=None, packages_select_build_failed=False, packages_skip_build_finished=False, packages_select_test_failures=False, packages_skip_test_passed=False, packages_select=None, packages_skip=None, packages_select_regex=None, packages_skip_regex=None, packages_start=None, packages_end=None, allow_overriding=[], cmake_args=None, cmake_target=None, cmake_target_skip_unavailable=False, cmake_clean_cache=False, cmake_clean_first=False, cmake_force_configure=False, ament_cmake_args=None, catkin_cmake_args=None, catkin_skip_building_tests=False, mixin_files=None, mixin=None, verb_parser=<colcon_mixin.mixin.mixin_argument.MixinArgumentDecorator object at 0x7f485b4cecb0>, verb_extension=<colcon_core.verb.build.BuildVerb object at 0x7f485b5b39d0>, main=<bound method BuildVerb.main of <colcon_core.verb.build.BuildVerb object at 0x7f485b5b39d0>>, mixin_verb=('build',))
[0.206s] Level 1:colcon.colcon_core.package_discovery:discover_packages(colcon_meta) check parameters
[0.206s] Level 1:colcon.colcon_core.package_discovery:discover_packages(recursive) check parameters
[0.206s] Level 1:colcon.colcon_core.package_discovery:discover_packages(ignore) check parameters
[0.206s] Level 1:colcon.colcon_core.package_discovery:discover_packages(path) check parameters
[0.206s] Level 1:colcon.colcon_core.package_discovery:discover_packages(colcon_meta) discover
[0.206s] Level 1:colcon.colcon_core.package_discovery:discover_packages(recursive) discover
[0.206s] INFO:colcon.colcon_core.package_discovery:Crawling recursively for packages in '/users/1047487/rka/ros'
[0.206s] Level 1:colcon.colcon_core.package_identification:_identify(.) by extensions ['ignore', 'ignore_ament_install']
[0.206s] Level 1:colcon.colcon_core.package_identification:_identify(.) by extension 'ignore'
[0.207s] Level 1:colcon.colcon_core.package_identification:_identify(.) by extension 'ignore_ament_install'
[0.207s] Level 1:colcon.colcon_core.package_identification:_identify(.) by extensions ['colcon_pkg']
[0.207s] Level 1:colcon.colcon_core.package_identification:_identify(.) by extension 'colcon_pkg'
[0.207s] Level 1:colcon.colcon_core.package_identification:_identify(.) by extensions ['colcon_meta']
[0.207s] Level 1:colcon.colcon_core.package_identification:_identify(.) by extension 'colcon_meta'
[0.207s] Level 1:colcon.colcon_core.package_identification:_identify(.) by extensions ['ros']
[0.207s] Level 1:colcon.colcon_core.package_identification:_identify(.) by extension 'ros'
[0.221s] Level 1:colcon.colcon_core.package_identification:_identify(.) by extensions ['cmake', 'python']
[0.221s] Level 1:colcon.colcon_core.package_identification:_identify(.) by extension 'cmake'
[0.221s] Level 1:colcon.colcon_core.package_identification:_identify(.) by extension 'python'
[0.221s] Level 1:colcon.colcon_core.package_identification:_identify(.) by extensions ['python_setup_py']
[0.221s] Level 1:colcon.colcon_core.package_identification:_identify(.) by extension 'python_setup_py'
[0.221s] Level 1:colcon.colcon_core.package_identification:_identify(build) by extensions ['ignore', 'ignore_ament_install']
[0.221s] Level 1:colcon.colcon_core.package_identification:_identify(build) by extension 'ignore'
[0.221s] Level 1:colcon.colcon_core.package_identification:_identify(build) ignored
[0.221s] Level 1:colcon.colcon_core.package_identification:_identify(install) by extensions ['ignore', 'ignore_ament_install']
[0.221s] Level 1:colcon.colcon_core.package_identification:_identify(install) by extension 'ignore'
[0.221s] Level 1:colcon.colcon_core.package_identification:_identify(install) ignored
[0.221s] Level 1:colcon.colcon_core.package_identification:_identify(log) by extensions ['ignore', 'ignore_ament_install']
[0.221s] Level 1:colcon.colcon_core.package_identification:_identify(log) by extension 'ignore'
[0.222s] Level 1:colcon.colcon_core.package_identification:_identify(log) ignored
[0.222s] Level 1:colcon.colcon_core.package_identification:_identify(src) by extensions ['ignore', 'ignore_ament_install']
[0.222s] Level 1:colcon.colcon_core.package_identification:_identify(src) by extension 'ignore'
[0.222s] Level 1:colcon.colcon_core.package_identification:_identify(src) by extension 'ignore_ament_install'
[0.222s] Level 1:colcon.colcon_core.package_identification:_identify(src) by extensions ['colcon_pkg']
[0.222s] Level 1:colcon.colcon_core.package_identification:_identify(src) by extension 'colcon_pkg'
[0.222s] Level 1:colcon.colcon_core.package_identification:_identify(src) by extensions ['colcon_meta']
[0.222s] Level 1:colcon.colcon_core.package_identification:_identify(src) by extension 'colcon_meta'
[0.222s] Level 1:colcon.colcon_core.package_identification:_identify(src) by extensions ['ros']
[0.222s] Level 1:colcon.colcon_core.package_identification:_identify(src) by extension 'ros'
[0.222s] Level 1:colcon.colcon_core.package_identification:_identify(src) by extensions ['cmake', 'python']
[0.222s] Level 1:colcon.colcon_core.package_identification:_identify(src) by extension 'cmake'
[0.222s] Level 1:colcon.colcon_core.package_identification:_identify(src) by extension 'python'
[0.222s] Level 1:colcon.colcon_core.package_identification:_identify(src) by extensions ['python_setup_py']
[0.222s] Level 1:colcon.colcon_core.package_identification:_identify(src) by extension 'python_setup_py'
[0.222s] Level 1:colcon.colcon_core.package_identification:_identify(src/odom2pose) by extensions ['ignore', 'ignore_ament_install']
[0.222s] Level 1:colcon.colcon_core.package_identification:_identify(src/odom2pose) by extension 'ignore'
[0.222s] Level 1:colcon.colcon_core.package_identification:_identify(src/odom2pose) by extension 'ignore_ament_install'
[0.222s] Level 1:colcon.colcon_core.package_identification:_identify(src/odom2pose) by extensions ['colcon_pkg']
[0.222s] Level 1:colcon.colcon_core.package_identification:_identify(src/odom2pose) by extension 'colcon_pkg'
[0.223s] Level 1:colcon.colcon_core.package_identification:_identify(src/odom2pose) by extensions ['colcon_meta']
[0.223s] Level 1:colcon.colcon_core.package_identification:_identify(src/odom2pose) by extension 'colcon_meta'
[0.223s] Level 1:colcon.colcon_core.package_identification:_identify(src/odom2pose) by extensions ['ros']
[0.223s] Level 1:colcon.colcon_core.package_identification:_identify(src/odom2pose) by extension 'ros'
[0.225s] DEBUG:colcon.colcon_core.package_identification:Package 'src/odom2pose' with type 'ros.ament_python' and name 'odom2pose'
[0.226s] Level 1:colcon.colcon_core.package_identification:_identify(src/rosbot_spin) by extensions ['ignore', 'ignore_ament_install']
[0.226s] Level 1:colcon.colcon_core.package_identification:_identify(src/rosbot_spin) by extension 'ignore'
[0.226s] Level 1:colcon.colcon_core.package_identification:_identify(src/rosbot_spin) by extension 'ignore_ament_install'
[0.226s] Level 1:colcon.colcon_core.package_identification:_identify(src/rosbot_spin) by extensions ['colcon_pkg']
[0.226s] Level 1:colcon.colcon_core.package_identification:_identify(src/rosbot_spin) by extension 'colcon_pkg'
[0.226s] Level 1:colcon.colcon_core.package_identification:_identify(src/rosbot_spin) by extensions ['colcon_meta']
[0.226s] Level 1:colcon.colcon_core.package_identification:_identify(src/rosbot_spin) by extension 'colcon_meta'
[0.226s] Level 1:colcon.colcon_core.package_identification:_identify(src/rosbot_spin) by extensions ['ros']
[0.226s] Level 1:colcon.colcon_core.package_identification:_identify(src/rosbot_spin) by extension 'ros'
[0.227s] DEBUG:colcon.colcon_core.package_identification:Package 'src/rosbot_spin' with type 'ros.ament_python' and name 'rosbot_spin'
[0.227s] Level 1:colcon.colcon_core.package_identification:_identify(src/rwander) by extensions ['ignore', 'ignore_ament_install']
[0.227s] Level 1:colcon.colcon_core.package_identification:_identify(src/rwander) by extension 'ignore'
[0.227s] Level 1:colcon.colcon_core.package_identification:_identify(src/rwander) by extension 'ignore_ament_install'
[0.227s] Level 1:colcon.colcon_core.package_identification:_identify(src/rwander) by extensions ['colcon_pkg']
[0.227s] Level 1:colcon.colcon_core.package_identification:_identify(src/rwander) by extension 'colcon_pkg'
[0.227s] Level 1:colcon.colcon_core.package_identification:_identify(src/rwander) by extensions ['colcon_meta']
[0.227s] Level 1:colcon.colcon_core.package_identification:_identify(src/rwander) by extension 'colcon_meta'
[0.227s] Level 1:colcon.colcon_core.package_identification:_identify(src/rwander) by extensions ['ros']
[0.227s] Level 1:colcon.colcon_core.package_identification:_identify(src/rwander) by extension 'ros'
[0.228s] DEBUG:colcon.colcon_core.package_identification:Package 'src/rwander' with type 'ros.ament_python' and name 'rwander'
[0.228s] Level 1:colcon.colcon_core.package_identification:_identify(src/wall_following) by extensions ['ignore', 'ignore_ament_install']
[0.228s] Level 1:colcon.colcon_core.package_identification:_identify(src/wall_following) by extension 'ignore'
[0.228s] Level 1:colcon.colcon_core.package_identification:_identify(src/wall_following) by extension 'ignore_ament_install'
[0.229s] Level 1:colcon.colcon_core.package_identification:_identify(src/wall_following) by extensions ['colcon_pkg']
[0.229s] Level 1:colcon.colcon_core.package_identification:_identify(src/wall_following) by extension 'colcon_pkg'
[0.229s] Level 1:colcon.colcon_core.package_identification:_identify(src/wall_following) by extensions ['colcon_meta']
[0.229s] Level 1:colcon.colcon_core.package_identification:_identify(src/wall_following) by extension 'colcon_meta'
[0.229s] Level 1:colcon.colcon_core.package_identification:_identify(src/wall_following) by extensions ['ros']
[0.229s] Level 1:colcon.colcon_core.package_identification:_identify(src/wall_following) by extension 'ros'
[0.230s] DEBUG:colcon.colcon_core.package_identification:Package 'src/wall_following' with type 'ros.ament_python' and name 'wall_following'
[0.230s] Level 1:colcon.colcon_core.package_discovery:discover_packages(recursive) using defaults
[0.230s] Level 1:colcon.colcon_core.package_discovery:discover_packages(ignore) discover
[0.230s] Level 1:colcon.colcon_core.package_discovery:discover_packages(ignore) using defaults
[0.230s] Level 1:colcon.colcon_core.package_discovery:discover_packages(path) discover
[0.230s] Level 1:colcon.colcon_core.package_discovery:discover_packages(path) using defaults
[0.254s] Level 1:colcon.colcon_core.package_discovery:discover_packages(prefix_path) check parameters
[0.254s] Level 1:colcon.colcon_core.package_discovery:discover_packages(prefix_path) discover
[0.258s] DEBUG:colcon.colcon_installed_package_information.package_discovery:Found 3 installed packages in /users/1047487/rka/ros/install
[0.259s] DEBUG:colcon.colcon_installed_package_information.package_discovery:Found 33 installed packages in /opt/rsait_pkgs
[0.261s] DEBUG:colcon.colcon_installed_package_information.package_discovery:Found 310 installed packages in /opt/ros/humble
[0.262s] Level 1:colcon.colcon_core.package_discovery:discover_packages(prefix_path) using defaults
[0.310s] Level 5:colcon.colcon_core.verb:set package 'odom2pose' build argument 'cmake_args' from command line to 'None'
[0.310s] Level 5:colcon.colcon_core.verb:set package 'odom2pose' build argument 'cmake_target' from command line to 'None'
[0.310s] Level 5:colcon.colcon_core.verb:set package 'odom2pose' build argument 'cmake_target_skip_unavailable' from command line to 'False'
[0.310s] Level 5:colcon.colcon_core.verb:set package 'odom2pose' build argument 'cmake_clean_cache' from command line to 'False'
[0.310s] Level 5:colcon.colcon_core.verb:set package 'odom2pose' build argument 'cmake_clean_first' from command line to 'False'
[0.310s] Level 5:colcon.colcon_core.verb:set package 'odom2pose' build argument 'cmake_force_configure' from command line to 'False'
[0.310s] Level 5:colcon.colcon_core.verb:set package 'odom2pose' build argument 'ament_cmake_args' from command line to 'None'
[0.310s] Level 5:colcon.colcon_core.verb:set package 'odom2pose' build argument 'catkin_cmake_args' from command line to 'None'
[0.310s] Level 5:colcon.colcon_core.verb:set package 'odom2pose' build argument 'catkin_skip_building_tests' from command line to 'False'
[0.311s] DEBUG:colcon.colcon_core.verb:Building package 'odom2pose' with the following arguments: {'ament_cmake_args': None, 'build_base': '/users/1047487/rka/ros/build/odom2pose', 'catkin_cmake_args': None, 'catkin_skip_building_tests': False, 'cmake_args': None, 'cmake_clean_cache': False, 'cmake_clean_first': False, 'cmake_force_configure': False, 'cmake_target': None, 'cmake_target_skip_unavailable': False, 'install_base': '/users/1047487/rka/ros/install/odom2pose', 'merge_install': False, 'path': '/users/1047487/rka/ros/src/odom2pose', 'symlink_install': True, 'test_result_base': None}
[0.311s] Level 5:colcon.colcon_core.verb:set package 'rosbot_spin' build argument 'cmake_args' from command line to 'None'
[0.311s] Level 5:colcon.colcon_core.verb:set package 'rosbot_spin' build argument 'cmake_target' from command line to 'None'
[0.311s] Level 5:colcon.colcon_core.verb:set package 'rosbot_spin' build argument 'cmake_target_skip_unavailable' from command line to 'False'
[0.311s] Level 5:colcon.colcon_core.verb:set package 'rosbot_spin' build argument 'cmake_clean_cache' from command line to 'False'
[0.311s] Level 5:colcon.colcon_core.verb:set package 'rosbot_spin' build argument 'cmake_clean_first' from command line to 'False'
[0.311s] Level 5:colcon.colcon_core.verb:set package 'rosbot_spin' build argument 'cmake_force_configure' from command line to 'False'
[0.311s] Level 5:colcon.colcon_core.verb:set package 'rosbot_spin' build argument 'ament_cmake_args' from command line to 'None'
[0.311s] Level 5:colcon.colcon_core.verb:set package 'rosbot_spin' build argument 'catkin_cmake_args' from command line to 'None'
[0.311s] Level 5:colcon.colcon_core.verb:set package 'rosbot_spin' build argument 'catkin_skip_building_tests' from command line to 'False'
[0.311s] DEBUG:colcon.colcon_core.verb:Building package 'rosbot_spin' with the following arguments: {'ament_cmake_args': None, 'build_base': '/users/1047487/rka/ros/build/rosbot_spin', 'catkin_cmake_args': None, 'catkin_skip_building_tests': False, 'cmake_args': None, 'cmake_clean_cache': False, 'cmake_clean_first': False, 'cmake_force_configure': False, 'cmake_target': None, 'cmake_target_skip_unavailable': False, 'install_base': '/users/1047487/rka/ros/install/rosbot_spin', 'merge_install': False, 'path': '/users/1047487/rka/ros/src/rosbot_spin', 'symlink_install': True, 'test_result_base': None}
[0.312s] Level 5:colcon.colcon_core.verb:set package 'rwander' build argument 'cmake_args' from command line to 'None'
[0.312s] Level 5:colcon.colcon_core.verb:set package 'rwander' build argument 'cmake_target' from command line to 'None'
[0.312s] Level 5:colcon.colcon_core.verb:set package 'rwander' build argument 'cmake_target_skip_unavailable' from command line to 'False'
[0.312s] Level 5:colcon.colcon_core.verb:set package 'rwander' build argument 'cmake_clean_cache' from command line to 'False'
[0.312s] Level 5:colcon.colcon_core.verb:set package 'rwander' build argument 'cmake_clean_first' from command line to 'False'
[0.312s] Level 5:colcon.colcon_core.verb:set package 'rwander' build argument 'cmake_force_configure' from command line to 'False'
[0.312s] Level 5:colcon.colcon_core.verb:set package 'rwander' build argument 'ament_cmake_args' from command line to 'None'
[0.312s] Level 5:colcon.colcon_core.verb:set package 'rwander' build argument 'catkin_cmake_args' from command line to 'None'
[0.312s] Level 5:colcon.colcon_core.verb:set package 'rwander' build argument 'catkin_skip_building_tests' from command line to 'False'
[0.312s] DEBUG:colcon.colcon_core.verb:Building package 'rwander' with the following arguments: {'ament_cmake_args': None, 'build_base': '/users/1047487/rka/ros/build/rwander', 'catkin_cmake_args': None, 'catkin_skip_building_tests': False, 'cmake_args': None, 'cmake_clean_cache': False, 'cmake_clean_first': False, 'cmake_force_configure': False, 'cmake_target': None, 'cmake_target_skip_unavailable': False, 'install_base': '/users/1047487/rka/ros/install/rwander', 'merge_install': False, 'path': '/users/1047487/rka/ros/src/rwander', 'symlink_install': True, 'test_result_base': None}
[0.312s] Level 5:colcon.colcon_core.verb:set package 'wall_following' build argument 'cmake_args' from command line to 'None'
[0.313s] Level 5:colcon.colcon_core.verb:set package 'wall_following' build argument 'cmake_target' from command line to 'None'
[0.313s] Level 5:colcon.colcon_core.verb:set package 'wall_following' build argument 'cmake_target_skip_unavailable' from command line to 'False'
[0.313s] Level 5:colcon.colcon_core.verb:set package 'wall_following' build argument 'cmake_clean_cache' from command line to 'False'
[0.313s] Level 5:colcon.colcon_core.verb:set package 'wall_following' build argument 'cmake_clean_first' from command line to 'False'
[0.313s] Level 5:colcon.colcon_core.verb:set package 'wall_following' build argument 'cmake_force_configure' from command line to 'False'
[0.313s] Level 5:colcon.colcon_core.verb:set package 'wall_following' build argument 'ament_cmake_args' from command line to 'None'
[0.313s] Level 5:colcon.colcon_core.verb:set package 'wall_following' build argument 'catkin_cmake_args' from command line to 'None'
[0.313s] Level 5:colcon.colcon_core.verb:set package 'wall_following' build argument 'catkin_skip_building_tests' from command line to 'False'
[0.313s] DEBUG:colcon.colcon_core.verb:Building package 'wall_following' with the following arguments: {'ament_cmake_args': None, 'build_base': '/users/1047487/rka/ros/build/wall_following', 'catkin_cmake_args': None, 'catkin_skip_building_tests': False, 'cmake_args': None, 'cmake_clean_cache': False, 'cmake_clean_first': False, 'cmake_force_configure': False, 'cmake_target': None, 'cmake_target_skip_unavailable': False, 'install_base': '/users/1047487/rka/ros/install/wall_following', 'merge_install': False, 'path': '/users/1047487/rka/ros/src/wall_following', 'symlink_install': True, 'test_result_base': None}
[0.313s] INFO:colcon.colcon_core.executor:Executing jobs using 'parallel' executor
[0.314s] DEBUG:colcon.colcon_parallel_executor.executor.parallel:run_until_complete
[0.314s] INFO:colcon.colcon_ros.task.ament_python.build:Building ROS package in '/users/1047487/rka/ros/src/odom2pose' with build type 'ament_python'
[0.314s] Level 1:colcon.colcon_core.shell:create_environment_hook('odom2pose', 'ament_prefix_path')
[0.318s] INFO:colcon.colcon_core.plugin_system:Skipping extension 'colcon_core.shell.bat': Not used on non-Windows systems
[0.319s] INFO:colcon.colcon_core.shell:Creating environment hook '/users/1047487/rka/ros/install/odom2pose/share/odom2pose/hook/ament_prefix_path.ps1'
[0.320s] INFO:colcon.colcon_core.shell:Creating environment descriptor '/users/1047487/rka/ros/install/odom2pose/share/odom2pose/hook/ament_prefix_path.dsv'
[0.320s] INFO:colcon.colcon_core.shell:Creating environment hook '/users/1047487/rka/ros/install/odom2pose/share/odom2pose/hook/ament_prefix_path.sh'
[0.321s] INFO:colcon.colcon_core.shell:Skip shell extension 'powershell' for command environment: Not usable outside of PowerShell
[0.321s] DEBUG:colcon.colcon_core.shell:Skip shell extension 'dsv' for command environment
[0.325s] INFO:colcon.colcon_ros.task.ament_python.build:Building ROS package in '/users/1047487/rka/ros/src/rosbot_spin' with build type 'ament_python'
[0.325s] Level 1:colcon.colcon_core.shell:create_environment_hook('rosbot_spin', 'ament_prefix_path')
[0.326s] INFO:colcon.colcon_core.shell:Creating environment hook '/users/1047487/rka/ros/install/rosbot_spin/share/rosbot_spin/hook/ament_prefix_path.ps1'
[0.326s] INFO:colcon.colcon_core.shell:Creating environment descriptor '/users/1047487/rka/ros/install/rosbot_spin/share/rosbot_spin/hook/ament_prefix_path.dsv'
[0.327s] INFO:colcon.colcon_core.shell:Creating environment hook '/users/1047487/rka/ros/install/rosbot_spin/share/rosbot_spin/hook/ament_prefix_path.sh'
[0.327s] INFO:colcon.colcon_core.shell:Skip shell extension 'powershell' for command environment: Not usable outside of PowerShell
[0.327s] DEBUG:colcon.colcon_core.shell:Skip shell extension 'dsv' for command environment
[0.331s] INFO:colcon.colcon_ros.task.ament_python.build:Building ROS package in '/users/1047487/rka/ros/src/rwander' with build type 'ament_python'
[0.331s] Level 1:colcon.colcon_core.shell:create_environment_hook('rwander', 'ament_prefix_path')
[0.331s] INFO:colcon.colcon_core.shell:Creating environment hook '/users/1047487/rka/ros/install/rwander/share/rwander/hook/ament_prefix_path.ps1'
[0.332s] INFO:colcon.colcon_core.shell:Creating environment descriptor '/users/1047487/rka/ros/install/rwander/share/rwander/hook/ament_prefix_path.dsv'
[0.332s] INFO:colcon.colcon_core.shell:Creating environment hook '/users/1047487/rka/ros/install/rwander/share/rwander/hook/ament_prefix_path.sh'
[0.333s] INFO:colcon.colcon_core.shell:Skip shell extension 'powershell' for command environment: Not usable outside of PowerShell
[0.333s] DEBUG:colcon.colcon_core.shell:Skip shell extension 'dsv' for command environment
[0.336s] INFO:colcon.colcon_ros.task.ament_python.build:Building ROS package in '/users/1047487/rka/ros/src/wall_following' with build type 'ament_python'
[0.336s] Level 1:colcon.colcon_core.shell:create_environment_hook('wall_following', 'ament_prefix_path')
[0.336s] INFO:colcon.colcon_core.shell:Creating environment hook '/users/1047487/rka/ros/install/wall_following/share/wall_following/hook/ament_prefix_path.ps1'
[0.337s] INFO:colcon.colcon_core.shell:Creating environment descriptor '/users/1047487/rka/ros/install/wall_following/share/wall_following/hook/ament_prefix_path.dsv'
[0.337s] INFO:colcon.colcon_core.shell:Creating environment hook '/users/1047487/rka/ros/install/wall_following/share/wall_following/hook/ament_prefix_path.sh'
[0.338s] INFO:colcon.colcon_core.shell:Skip shell extension 'powershell' for command environment: Not usable outside of PowerShell
[0.338s] DEBUG:colcon.colcon_core.shell:Skip shell extension 'dsv' for command environment
[0.608s] INFO:colcon.colcon_core.task.python.build:Building Python package in '/users/1047487/rka/ros/src/odom2pose'
[0.608s] INFO:colcon.colcon_core.shell:Skip shell extension 'powershell' for command environment: Not usable outside of PowerShell
[0.608s] DEBUG:colcon.colcon_core.shell:Skip shell extension 'dsv' for command environment
[0.871s] INFO:colcon.colcon_core.task.python.build:Building Python package in '/users/1047487/rka/ros/src/rosbot_spin'
[0.871s] INFO:colcon.colcon_core.shell:Skip shell extension 'powershell' for command environment: Not usable outside of PowerShell
[0.871s] DEBUG:colcon.colcon_core.shell:Skip shell extension 'dsv' for command environment
[1.136s] INFO:colcon.colcon_core.task.python.build:Building Python package in '/users/1047487/rka/ros/src/rwander'
[1.136s] INFO:colcon.colcon_core.shell:Skip shell extension 'powershell' for command environment: Not usable outside of PowerShell
[1.136s] DEBUG:colcon.colcon_core.shell:Skip shell extension 'dsv' for command environment
[1.400s] INFO:colcon.colcon_core.task.python.build:Building Python package in '/users/1047487/rka/ros/src/wall_following'
[1.400s] INFO:colcon.colcon_core.shell:Skip shell extension 'powershell' for command environment: Not usable outside of PowerShell
[1.401s] DEBUG:colcon.colcon_core.shell:Skip shell extension 'dsv' for command environment
[2.606s] DEBUG:colcon.colcon_core.event_handler.log_command:Invoking command in '/users/1047487/rka/ros/build/rwander': PYTHONPATH=/users/1047487/rka/ros/build/rwander/prefix_override:/usr/lib/python3/dist-packages/colcon_core/task/python/colcon_distutils_commands:/users/1047487/rka/ros/install/rwander/lib/python3.10/site-packages:${PYTHONPATH} /usr/bin/python3 -W ignore:setup.py install is deprecated setup.py develop --editable --build-directory /users/1047487/rka/ros/build/rwander/build --no-deps symlink_data
[2.611s] DEBUG:colcon.colcon_core.event_handler.log_command:Invoking command in '/users/1047487/rka/ros/build/wall_following': PYTHONPATH=/users/1047487/rka/ros/build/wall_following/prefix_override:/usr/lib/python3/dist-packages/colcon_core/task/python/colcon_distutils_commands:/users/1047487/rka/ros/install/wall_following/lib/python3.10/site-packages:${PYTHONPATH} /usr/bin/python3 -W ignore:setup.py install is deprecated setup.py develop --editable --build-directory /users/1047487/rka/ros/build/wall_following/build --no-deps symlink_data
[2.616s] DEBUG:colcon.colcon_core.event_handler.log_command:Invoking command in '/users/1047487/rka/ros/build/odom2pose': PYTHONPATH=/users/1047487/rka/ros/build/odom2pose/prefix_override:/usr/lib/python3/dist-packages/colcon_core/task/python/colcon_distutils_commands:/users/1047487/rka/ros/install/odom2pose/lib/python3.10/site-packages:${PYTHONPATH} /usr/bin/python3 -W ignore:setup.py install is deprecated setup.py develop --editable --build-directory /users/1047487/rka/ros/build/odom2pose/build --no-deps symlink_data
[2.618s] DEBUG:colcon.colcon_core.event_handler.log_command:Invoking command in '/users/1047487/rka/ros/build/rosbot_spin': PYTHONPATH=/users/1047487/rka/ros/build/rosbot_spin/prefix_override:/usr/lib/python3/dist-packages/colcon_core/task/python/colcon_distutils_commands:/users/1047487/rka/ros/install/rosbot_spin/lib/python3.10/site-packages:${PYTHONPATH} /usr/bin/python3 -W ignore:setup.py install is deprecated setup.py develop --editable --build-directory /users/1047487/rka/ros/build/rosbot_spin/build --no-deps symlink_data
[3.812s] Level 1:colcon.colcon_core.shell:create_environment_hook('rwander', 'pythonpath_develop')
[3.813s] INFO:colcon.colcon_core.shell:Creating environment hook '/users/1047487/rka/ros/build/rwander/share/rwander/hook/pythonpath_develop.ps1'
[3.813s] DEBUG:colcon.colcon_core.event_handler.log_command:Invoked command in '/users/1047487/rka/ros/build/rwander' returned '0': PYTHONPATH=/users/1047487/rka/ros/build/rwander/prefix_override:/usr/lib/python3/dist-packages/colcon_core/task/python/colcon_distutils_commands:/users/1047487/rka/ros/install/rwander/lib/python3.10/site-packages:${PYTHONPATH} /usr/bin/python3 -W ignore:setup.py install is deprecated setup.py develop --editable --build-directory /users/1047487/rka/ros/build/rwander/build --no-deps symlink_data
[3.814s] INFO:colcon.colcon_core.shell:Creating environment descriptor '/users/1047487/rka/ros/build/rwander/share/rwander/hook/pythonpath_develop.dsv'
[3.814s] INFO:colcon.colcon_core.shell:Creating environment hook '/users/1047487/rka/ros/build/rwander/share/rwander/hook/pythonpath_develop.sh'
[3.819s] Level 1:colcon.colcon_core.environment:checking '/users/1047487/rka/ros/install/rwander' for CMake module files
[3.819s] Level 1:colcon.colcon_core.environment:checking '/users/1047487/rka/ros/install/rwander' for CMake config files
[3.820s] Level 1:colcon.colcon_core.environment:checking '/users/1047487/rka/ros/install/rwander/lib'
[3.820s] Level 1:colcon.colcon_core.environment:checking '/users/1047487/rka/ros/install/rwander/bin'
[3.820s] Level 1:colcon.colcon_core.environment:checking '/users/1047487/rka/ros/install/rwander/lib/pkgconfig/rwander.pc'
[3.820s] Level 1:colcon.colcon_core.environment:checking '/users/1047487/rka/ros/install/rwander/lib/python3.10/site-packages'
[3.821s] Level 1:colcon.colcon_core.shell:create_environment_hook('rwander', 'pythonpath')
[3.821s] INFO:colcon.colcon_core.shell:Creating environment hook '/users/1047487/rka/ros/install/rwander/share/rwander/hook/pythonpath.ps1'
[3.821s] INFO:colcon.colcon_core.shell:Creating environment descriptor '/users/1047487/rka/ros/install/rwander/share/rwander/hook/pythonpath.dsv'
[3.822s] INFO:colcon.colcon_core.shell:Creating environment hook '/users/1047487/rka/ros/install/rwander/share/rwander/hook/pythonpath.sh'
[3.822s] Level 1:colcon.colcon_core.environment:checking '/users/1047487/rka/ros/install/rwander/bin'
[3.822s] Level 1:colcon.colcon_core.environment:create_environment_scripts_only(rwander)
[3.823s] INFO:colcon.colcon_core.shell:Creating package script '/users/1047487/rka/ros/install/rwander/share/rwander/package.ps1'
[3.824s] INFO:colcon.colcon_core.shell:Creating package descriptor '/users/1047487/rka/ros/install/rwander/share/rwander/package.dsv'
[3.825s] INFO:colcon.colcon_core.shell:Creating package script '/users/1047487/rka/ros/install/rwander/share/rwander/package.sh'
[3.826s] INFO:colcon.colcon_core.shell:Creating package script '/users/1047487/rka/ros/install/rwander/share/rwander/package.bash'
[3.827s] INFO:colcon.colcon_core.shell:Creating package script '/users/1047487/rka/ros/install/rwander/share/rwander/package.zsh'
[3.828s] Level 1:colcon.colcon_core.environment:create_file_with_runtime_dependencies(/users/1047487/rka/ros/install/rwander/share/colcon-core/packages/rwander)
[3.831s] Level 1:colcon.colcon_core.shell:create_environment_hook('rosbot_spin', 'pythonpath_develop')
[3.831s] INFO:colcon.colcon_core.shell:Creating environment hook '/users/1047487/rka/ros/build/rosbot_spin/share/rosbot_spin/hook/pythonpath_develop.ps1'
[3.832s] DEBUG:colcon.colcon_core.event_handler.log_command:Invoked command in '/users/1047487/rka/ros/build/rosbot_spin' returned '0': PYTHONPATH=/users/1047487/rka/ros/build/rosbot_spin/prefix_override:/usr/lib/python3/dist-packages/colcon_core/task/python/colcon_distutils_commands:/users/1047487/rka/ros/install/rosbot_spin/lib/python3.10/site-packages:${PYTHONPATH} /usr/bin/python3 -W ignore:setup.py install is deprecated setup.py develop --editable --build-directory /users/1047487/rka/ros/build/rosbot_spin/build --no-deps symlink_data
[3.832s] INFO:colcon.colcon_core.shell:Creating environment descriptor '/users/1047487/rka/ros/build/rosbot_spin/share/rosbot_spin/hook/pythonpath_develop.dsv'
[3.833s] INFO:colcon.colcon_core.shell:Creating environment hook '/users/1047487/rka/ros/build/rosbot_spin/share/rosbot_spin/hook/pythonpath_develop.sh'
[3.833s] Level 1:colcon.colcon_core.environment:checking '/users/1047487/rka/ros/install/rosbot_spin' for CMake module files
[3.834s] Level 1:colcon.colcon_core.environment:checking '/users/1047487/rka/ros/install/rosbot_spin' for CMake config files
[3.834s] Level 1:colcon.colcon_core.environment:checking '/users/1047487/rka/ros/install/rosbot_spin/lib'
[3.834s] Level 1:colcon.colcon_core.environment:checking '/users/1047487/rka/ros/install/rosbot_spin/bin'
[3.834s] Level 1:colcon.colcon_core.environment:checking '/users/1047487/rka/ros/install/rosbot_spin/lib/pkgconfig/rosbot_spin.pc'
[3.835s] Level 1:colcon.colcon_core.environment:checking '/users/1047487/rka/ros/install/rosbot_spin/lib/python3.10/site-packages'
[3.835s] Level 1:colcon.colcon_core.shell:create_environment_hook('rosbot_spin', 'pythonpath')
[3.835s] INFO:colcon.colcon_core.shell:Creating environment hook '/users/1047487/rka/ros/install/rosbot_spin/share/rosbot_spin/hook/pythonpath.ps1'
[3.835s] INFO:colcon.colcon_core.shell:Creating environment descriptor '/users/1047487/rka/ros/install/rosbot_spin/share/rosbot_spin/hook/pythonpath.dsv'
[3.836s] INFO:colcon.colcon_core.shell:Creating environment hook '/users/1047487/rka/ros/install/rosbot_spin/share/rosbot_spin/hook/pythonpath.sh'
[3.837s] Level 1:colcon.colcon_core.environment:checking '/users/1047487/rka/ros/install/rosbot_spin/bin'
[3.837s] Level 1:colcon.colcon_core.environment:create_environment_scripts_only(rosbot_spin)
[3.837s] INFO:colcon.colcon_core.shell:Creating package script '/users/1047487/rka/ros/install/rosbot_spin/share/rosbot_spin/package.ps1'
[3.838s] INFO:colcon.colcon_core.shell:Creating package descriptor '/users/1047487/rka/ros/install/rosbot_spin/share/rosbot_spin/package.dsv'
[3.838s] INFO:colcon.colcon_core.shell:Creating package script '/users/1047487/rka/ros/install/rosbot_spin/share/rosbot_spin/package.sh'
[3.838s] INFO:colcon.colcon_core.shell:Creating package script '/users/1047487/rka/ros/install/rosbot_spin/share/rosbot_spin/package.bash'
[3.839s] INFO:colcon.colcon_core.shell:Creating package script '/users/1047487/rka/ros/install/rosbot_spin/share/rosbot_spin/package.zsh'
[3.839s] Level 1:colcon.colcon_core.environment:create_file_with_runtime_dependencies(/users/1047487/rka/ros/install/rosbot_spin/share/colcon-core/packages/rosbot_spin)
[3.840s] Level 1:colcon.colcon_core.shell:create_environment_hook('wall_following', 'pythonpath_develop')
[3.841s] INFO:colcon.colcon_core.shell:Creating environment hook '/users/1047487/rka/ros/build/wall_following/share/wall_following/hook/pythonpath_develop.ps1'
[3.841s] DEBUG:colcon.colcon_core.event_handler.log_command:Invoked command in '/users/1047487/rka/ros/build/wall_following' returned '0': PYTHONPATH=/users/1047487/rka/ros/build/wall_following/prefix_override:/usr/lib/python3/dist-packages/colcon_core/task/python/colcon_distutils_commands:/users/1047487/rka/ros/install/wall_following/lib/python3.10/site-packages:${PYTHONPATH} /usr/bin/python3 -W ignore:setup.py install is deprecated setup.py develop --editable --build-directory /users/1047487/rka/ros/build/wall_following/build --no-deps symlink_data
[3.841s] INFO:colcon.colcon_core.shell:Creating environment descriptor '/users/1047487/rka/ros/build/wall_following/share/wall_following/hook/pythonpath_develop.dsv'
[3.842s] INFO:colcon.colcon_core.shell:Creating environment hook '/users/1047487/rka/ros/build/wall_following/share/wall_following/hook/pythonpath_develop.sh'
[3.842s] Level 1:colcon.colcon_core.environment:checking '/users/1047487/rka/ros/install/wall_following' for CMake module files
[3.843s] Level 1:colcon.colcon_core.environment:checking '/users/1047487/rka/ros/install/wall_following' for CMake config files
[3.843s] Level 1:colcon.colcon_core.environment:checking '/users/1047487/rka/ros/install/wall_following/lib'
[3.843s] Level 1:colcon.colcon_core.environment:checking '/users/1047487/rka/ros/install/wall_following/bin'
[3.843s] Level 1:colcon.colcon_core.environment:checking '/users/1047487/rka/ros/install/wall_following/lib/pkgconfig/wall_following.pc'
[3.844s] Level 1:colcon.colcon_core.environment:checking '/users/1047487/rka/ros/install/wall_following/lib/python3.10/site-packages'
[3.844s] Level 1:colcon.colcon_core.shell:create_environment_hook('wall_following', 'pythonpath')
[3.844s] INFO:colcon.colcon_core.shell:Creating environment hook '/users/1047487/rka/ros/install/wall_following/share/wall_following/hook/pythonpath.ps1'
[3.844s] INFO:colcon.colcon_core.shell:Creating environment descriptor '/users/1047487/rka/ros/install/wall_following/share/wall_following/hook/pythonpath.dsv'
[3.844s] INFO:colcon.colcon_core.shell:Creating environment hook '/users/1047487/rka/ros/install/wall_following/share/wall_following/hook/pythonpath.sh'
[3.845s] Level 1:colcon.colcon_core.environment:checking '/users/1047487/rka/ros/install/wall_following/bin'
[3.845s] Level 1:colcon.colcon_core.environment:create_environment_scripts_only(wall_following)
[3.845s] INFO:colcon.colcon_core.shell:Creating package script '/users/1047487/rka/ros/install/wall_following/share/wall_following/package.ps1'
[3.846s] INFO:colcon.colcon_core.shell:Creating package descriptor '/users/1047487/rka/ros/install/wall_following/share/wall_following/package.dsv'
[3.846s] INFO:colcon.colcon_core.shell:Creating package script '/users/1047487/rka/ros/install/wall_following/share/wall_following/package.sh'
[3.847s] INFO:colcon.colcon_core.shell:Creating package script '/users/1047487/rka/ros/install/wall_following/share/wall_following/package.bash'
[3.847s] INFO:colcon.colcon_core.shell:Creating package script '/users/1047487/rka/ros/install/wall_following/share/wall_following/package.zsh'
[3.848s] Level 1:colcon.colcon_core.environment:create_file_with_runtime_dependencies(/users/1047487/rka/ros/install/wall_following/share/colcon-core/packages/wall_following)
[3.849s] Level 1:colcon.colcon_core.shell:create_environment_hook('odom2pose', 'pythonpath_develop')
[3.849s] INFO:colcon.colcon_core.shell:Creating environment hook '/users/1047487/rka/ros/build/odom2pose/share/odom2pose/hook/pythonpath_develop.ps1'
[3.850s] DEBUG:colcon.colcon_core.event_handler.log_command:Invoked command in '/users/1047487/rka/ros/build/odom2pose' returned '0': PYTHONPATH=/users/1047487/rka/ros/build/odom2pose/prefix_override:/usr/lib/python3/dist-packages/colcon_core/task/python/colcon_distutils_commands:/users/1047487/rka/ros/install/odom2pose/lib/python3.10/site-packages:${PYTHONPATH} /usr/bin/python3 -W ignore:setup.py install is deprecated setup.py develop --editable --build-directory /users/1047487/rka/ros/build/odom2pose/build --no-deps symlink_data
[3.850s] INFO:colcon.colcon_core.shell:Creating environment descriptor '/users/1047487/rka/ros/build/odom2pose/share/odom2pose/hook/pythonpath_develop.dsv'
[3.851s] INFO:colcon.colcon_core.shell:Creating environment hook '/users/1047487/rka/ros/build/odom2pose/share/odom2pose/hook/pythonpath_develop.sh'
[3.851s] Level 1:colcon.colcon_core.environment:checking '/users/1047487/rka/ros/install/odom2pose' for CMake module files
[3.852s] Level 1:colcon.colcon_core.environment:checking '/users/1047487/rka/ros/install/odom2pose' for CMake config files
[3.852s] Level 1:colcon.colcon_core.environment:checking '/users/1047487/rka/ros/install/odom2pose/lib'
[3.852s] Level 1:colcon.colcon_core.environment:checking '/users/1047487/rka/ros/install/odom2pose/bin'
[3.852s] Level 1:colcon.colcon_core.environment:checking '/users/1047487/rka/ros/install/odom2pose/lib/pkgconfig/odom2pose.pc'
[3.852s] Level 1:colcon.colcon_core.environment:checking '/users/1047487/rka/ros/install/odom2pose/lib/python3.10/site-packages'
[3.852s] Level 1:colcon.colcon_core.shell:create_environment_hook('odom2pose', 'pythonpath')
[3.852s] INFO:colcon.colcon_core.shell:Creating environment hook '/users/1047487/rka/ros/install/odom2pose/share/odom2pose/hook/pythonpath.ps1'
[3.853s] INFO:colcon.colcon_core.shell:Creating environment descriptor '/users/1047487/rka/ros/install/odom2pose/share/odom2pose/hook/pythonpath.dsv'
[3.853s] INFO:colcon.colcon_core.shell:Creating environment hook '/users/1047487/rka/ros/install/odom2pose/share/odom2pose/hook/pythonpath.sh'
[3.854s] Level 1:colcon.colcon_core.environment:checking '/users/1047487/rka/ros/install/odom2pose/bin'
[3.854s] Level 1:colcon.colcon_core.environment:create_environment_scripts_only(odom2pose)
[3.854s] INFO:colcon.colcon_core.shell:Creating package script '/users/1047487/rka/ros/install/odom2pose/share/odom2pose/package.ps1'
[3.854s] INFO:colcon.colcon_core.shell:Creating package descriptor '/users/1047487/rka/ros/install/odom2pose/share/odom2pose/package.dsv'
[3.855s] INFO:colcon.colcon_core.shell:Creating package script '/users/1047487/rka/ros/install/odom2pose/share/odom2pose/package.sh'
[3.855s] INFO:colcon.colcon_core.shell:Creating package script '/users/1047487/rka/ros/install/odom2pose/share/odom2pose/package.bash'
[3.855s] INFO:colcon.colcon_core.shell:Creating package script '/users/1047487/rka/ros/install/odom2pose/share/odom2pose/package.zsh'
[3.856s] Level 1:colcon.colcon_core.environment:create_file_with_runtime_dependencies(/users/1047487/rka/ros/install/odom2pose/share/colcon-core/packages/odom2pose)
[3.856s] DEBUG:colcon.colcon_parallel_executor.executor.parallel:closing loop
[3.856s] DEBUG:colcon.colcon_parallel_executor.executor.parallel:loop closed
[3.856s] DEBUG:colcon.colcon_parallel_executor.executor.parallel:run_until_complete finished with '0'
[3.856s] DEBUG:colcon.colcon_core.event_reactor:joining thread
[3.865s] INFO:colcon.colcon_core.plugin_system:Skipping extension 'colcon_notification.desktop_notification.terminal_notifier': Not used on non-Darwin systems
[3.865s] INFO:colcon.colcon_core.plugin_system:Skipping extension 'colcon_notification.desktop_notification.win32': Not used on non-Windows systems
[3.865s] INFO:colcon.colcon_notification.desktop_notification:Sending desktop notification using 'notify2'
[3.892s] DEBUG:colcon.colcon_core.event_reactor:joined thread
[3.893s] INFO:colcon.colcon_core.shell:Creating prefix script '/users/1047487/rka/ros/install/local_setup.ps1'
[3.894s] INFO:colcon.colcon_core.shell:Creating prefix util module '/users/1047487/rka/ros/install/_local_setup_util_ps1.py'
[3.896s] INFO:colcon.colcon_core.shell:Creating prefix chain script '/users/1047487/rka/ros/install/setup.ps1'
[3.897s] INFO:colcon.colcon_core.shell:Creating prefix script '/users/1047487/rka/ros/install/local_setup.sh'
[3.898s] INFO:colcon.colcon_core.shell:Creating prefix util module '/users/1047487/rka/ros/install/_local_setup_util_sh.py'
[3.898s] INFO:colcon.colcon_core.shell:Creating prefix chain script '/users/1047487/rka/ros/install/setup.sh'
[3.899s] INFO:colcon.colcon_core.shell:Creating prefix script '/users/1047487/rka/ros/install/local_setup.bash'
[3.900s] INFO:colcon.colcon_core.shell:Creating prefix chain script '/users/1047487/rka/ros/install/setup.bash'
[3.901s] INFO:colcon.colcon_core.shell:Creating prefix script '/users/1047487/rka/ros/install/local_setup.zsh'
[3.902s] INFO:colcon.colcon_core.shell:Creating prefix chain script '/users/1047487/rka/ros/install/setup.zsh'
