[0.328s] DEBUG:colcon:Command line arguments: ['/usr/bin/colcon', 'build', '--symlink-install']
[0.328s] DEBUG:colcon:Parsed command line arguments: Namespace(log_base=None, log_level=None, verb_name='build', build_base='build', install_base='install', merge_install=False, symlink_install=True, test_result_base=None, continue_on_error=False, executor='parallel', parallel_workers=8, event_handlers=None, ignore_user_meta=False, metas=['./colcon.meta'], base_paths=['.'], packages_ignore=None, packages_ignore_regex=None, paths=None, packages_up_to=None, packages_up_to_regex=None, packages_above=None, packages_above_and_dependencies=None, packages_above_depth=None, packages_select_by_dep=None, packages_skip_by_dep=None, packages_skip_up_to=None, packages_select_build_failed=False, packages_skip_build_finished=False, packages_select_test_failures=False, packages_skip_test_passed=False, packages_select=None, packages_skip=None, packages_select_regex=None, packages_skip_regex=None, packages_start=None, packages_end=None, allow_overriding=[], cmake_args=None, cmake_target=None, cmake_target_skip_unavailable=False, cmake_clean_cache=False, cmake_clean_first=False, cmake_force_configure=False, ament_cmake_args=None, catkin_cmake_args=None, catkin_skip_building_tests=False, mixin_files=None, mixin=None, verb_parser=<colcon_mixin.mixin.mixin_argument.MixinArgumentDecorator object at 0x7fbffcfdafb0>, verb_extension=<colcon_core.verb.build.BuildVerb object at 0x7fbffd0b3cd0>, main=<bound method BuildVerb.main of <colcon_core.verb.build.BuildVerb object at 0x7fbffd0b3cd0>>, mixin_verb=('build',))
[0.386s] Level 1:colcon.colcon_core.package_discovery:discover_packages(colcon_meta) check parameters
[0.387s] Level 1:colcon.colcon_core.package_discovery:discover_packages(recursive) check parameters
[0.387s] Level 1:colcon.colcon_core.package_discovery:discover_packages(ignore) check parameters
[0.387s] Level 1:colcon.colcon_core.package_discovery:discover_packages(path) check parameters
[0.387s] Level 1:colcon.colcon_core.package_discovery:discover_packages(colcon_meta) discover
[0.387s] Level 1:colcon.colcon_core.package_discovery:discover_packages(recursive) discover
[0.387s] INFO:colcon.colcon_core.package_discovery:Crawling recursively for packages in '/users/1047487/rka/ros'
[0.387s] Level 1:colcon.colcon_core.package_identification:_identify(.) by extensions ['ignore', 'ignore_ament_install']
[0.387s] Level 1:colcon.colcon_core.package_identification:_identify(.) by extension 'ignore'
[0.387s] Level 1:colcon.colcon_core.package_identification:_identify(.) by extension 'ignore_ament_install'
[0.387s] Level 1:colcon.colcon_core.package_identification:_identify(.) by extensions ['colcon_pkg']
[0.387s] Level 1:colcon.colcon_core.package_identification:_identify(.) by extension 'colcon_pkg'
[0.387s] Level 1:colcon.colcon_core.package_identification:_identify(.) by extensions ['colcon_meta']
[0.387s] Level 1:colcon.colcon_core.package_identification:_identify(.) by extension 'colcon_meta'
[0.387s] Level 1:colcon.colcon_core.package_identification:_identify(.) by extensions ['ros']
[0.387s] Level 1:colcon.colcon_core.package_identification:_identify(.) by extension 'ros'
[0.403s] Level 1:colcon.colcon_core.package_identification:_identify(.) by extensions ['cmake', 'python']
[0.403s] Level 1:colcon.colcon_core.package_identification:_identify(.) by extension 'cmake'
[0.403s] Level 1:colcon.colcon_core.package_identification:_identify(.) by extension 'python'
[0.403s] Level 1:colcon.colcon_core.package_identification:_identify(.) by extensions ['python_setup_py']
[0.403s] Level 1:colcon.colcon_core.package_identification:_identify(.) by extension 'python_setup_py'
[0.403s] Level 1:colcon.colcon_core.package_identification:_identify(build) by extensions ['ignore', 'ignore_ament_install']
[0.404s] Level 1:colcon.colcon_core.package_identification:_identify(build) by extension 'ignore'
[0.404s] Level 1:colcon.colcon_core.package_identification:_identify(build) ignored
[0.404s] Level 1:colcon.colcon_core.package_identification:_identify(install) by extensions ['ignore', 'ignore_ament_install']
[0.404s] Level 1:colcon.colcon_core.package_identification:_identify(install) by extension 'ignore'
[0.404s] Level 1:colcon.colcon_core.package_identification:_identify(install) ignored
[0.404s] Level 1:colcon.colcon_core.package_identification:_identify(log) by extensions ['ignore', 'ignore_ament_install']
[0.404s] Level 1:colcon.colcon_core.package_identification:_identify(log) by extension 'ignore'
[0.404s] Level 1:colcon.colcon_core.package_identification:_identify(log) ignored
[0.404s] Level 1:colcon.colcon_core.package_identification:_identify(src) by extensions ['ignore', 'ignore_ament_install']
[0.404s] Level 1:colcon.colcon_core.package_identification:_identify(src) by extension 'ignore'
[0.404s] Level 1:colcon.colcon_core.package_identification:_identify(src) by extension 'ignore_ament_install'
[0.404s] Level 1:colcon.colcon_core.package_identification:_identify(src) by extensions ['colcon_pkg']
[0.404s] Level 1:colcon.colcon_core.package_identification:_identify(src) by extension 'colcon_pkg'
[0.404s] Level 1:colcon.colcon_core.package_identification:_identify(src) by extensions ['colcon_meta']
[0.404s] Level 1:colcon.colcon_core.package_identification:_identify(src) by extension 'colcon_meta'
[0.404s] Level 1:colcon.colcon_core.package_identification:_identify(src) by extensions ['ros']
[0.404s] Level 1:colcon.colcon_core.package_identification:_identify(src) by extension 'ros'
[0.405s] Level 1:colcon.colcon_core.package_identification:_identify(src) by extensions ['cmake', 'python']
[0.405s] Level 1:colcon.colcon_core.package_identification:_identify(src) by extension 'cmake'
[0.405s] Level 1:colcon.colcon_core.package_identification:_identify(src) by extension 'python'
[0.405s] Level 1:colcon.colcon_core.package_identification:_identify(src) by extensions ['python_setup_py']
[0.405s] Level 1:colcon.colcon_core.package_identification:_identify(src) by extension 'python_setup_py'
[0.405s] Level 1:colcon.colcon_core.package_identification:_identify(src/rosbot_spin) by extensions ['ignore', 'ignore_ament_install']
[0.405s] Level 1:colcon.colcon_core.package_identification:_identify(src/rosbot_spin) by extension 'ignore'
[0.405s] Level 1:colcon.colcon_core.package_identification:_identify(src/rosbot_spin) by extension 'ignore_ament_install'
[0.405s] Level 1:colcon.colcon_core.package_identification:_identify(src/rosbot_spin) by extensions ['colcon_pkg']
[0.405s] Level 1:colcon.colcon_core.package_identification:_identify(src/rosbot_spin) by extension 'colcon_pkg'
[0.405s] Level 1:colcon.colcon_core.package_identification:_identify(src/rosbot_spin) by extensions ['colcon_meta']
[0.405s] Level 1:colcon.colcon_core.package_identification:_identify(src/rosbot_spin) by extension 'colcon_meta'
[0.405s] Level 1:colcon.colcon_core.package_identification:_identify(src/rosbot_spin) by extensions ['ros']
[0.405s] Level 1:colcon.colcon_core.package_identification:_identify(src/rosbot_spin) by extension 'ros'
[0.408s] DEBUG:colcon.colcon_core.package_identification:Package 'src/rosbot_spin' with type 'ros.ament_python' and name 'rosbot_spin'
[0.408s] Level 1:colcon.colcon_core.package_identification:_identify(src/rwander) by extensions ['ignore', 'ignore_ament_install']
[0.408s] Level 1:colcon.colcon_core.package_identification:_identify(src/rwander) by extension 'ignore'
[0.408s] Level 1:colcon.colcon_core.package_identification:_identify(src/rwander) by extension 'ignore_ament_install'
[0.408s] Level 1:colcon.colcon_core.package_identification:_identify(src/rwander) by extensions ['colcon_pkg']
[0.408s] Level 1:colcon.colcon_core.package_identification:_identify(src/rwander) by extension 'colcon_pkg'
[0.408s] Level 1:colcon.colcon_core.package_identification:_identify(src/rwander) by extensions ['colcon_meta']
[0.408s] Level 1:colcon.colcon_core.package_identification:_identify(src/rwander) by extension 'colcon_meta'
[0.408s] Level 1:colcon.colcon_core.package_identification:_identify(src/rwander) by extensions ['ros']
[0.409s] Level 1:colcon.colcon_core.package_identification:_identify(src/rwander) by extension 'ros'
[0.409s] DEBUG:colcon.colcon_core.package_identification:Package 'src/rwander' with type 'ros.ament_python' and name 'rwander'
[0.409s] Level 1:colcon.colcon_core.package_discovery:discover_packages(recursive) using defaults
[0.409s] Level 1:colcon.colcon_core.package_discovery:discover_packages(ignore) discover
[0.409s] Level 1:colcon.colcon_core.package_discovery:discover_packages(ignore) using defaults
[0.409s] Level 1:colcon.colcon_core.package_discovery:discover_packages(path) discover
[0.409s] Level 1:colcon.colcon_core.package_discovery:discover_packages(path) using defaults
[0.437s] Level 1:colcon.colcon_core.package_discovery:discover_packages(prefix_path) check parameters
[0.437s] Level 1:colcon.colcon_core.package_discovery:discover_packages(prefix_path) discover
[0.440s] DEBUG:colcon.colcon_installed_package_information.package_discovery:Found 1 installed packages in /users/1047487/rka/ros/install
[0.441s] DEBUG:colcon.colcon_installed_package_information.package_discovery:Found 33 installed packages in /opt/rsait_pkgs
[0.443s] DEBUG:colcon.colcon_installed_package_information.package_discovery:Found 310 installed packages in /opt/ros/humble
[0.444s] Level 1:colcon.colcon_core.package_discovery:discover_packages(prefix_path) using defaults
[0.491s] Level 5:colcon.colcon_core.verb:set package 'rosbot_spin' build argument 'cmake_args' from command line to 'None'
[0.491s] Level 5:colcon.colcon_core.verb:set package 'rosbot_spin' build argument 'cmake_target' from command line to 'None'
[0.491s] Level 5:colcon.colcon_core.verb:set package 'rosbot_spin' build argument 'cmake_target_skip_unavailable' from command line to 'False'
[0.491s] Level 5:colcon.colcon_core.verb:set package 'rosbot_spin' build argument 'cmake_clean_cache' from command line to 'False'
[0.491s] Level 5:colcon.colcon_core.verb:set package 'rosbot_spin' build argument 'cmake_clean_first' from command line to 'False'
[0.491s] Level 5:colcon.colcon_core.verb:set package 'rosbot_spin' build argument 'cmake_force_configure' from command line to 'False'
[0.491s] Level 5:colcon.colcon_core.verb:set package 'rosbot_spin' build argument 'ament_cmake_args' from command line to 'None'
[0.491s] Level 5:colcon.colcon_core.verb:set package 'rosbot_spin' build argument 'catkin_cmake_args' from command line to 'None'
[0.491s] Level 5:colcon.colcon_core.verb:set package 'rosbot_spin' build argument 'catkin_skip_building_tests' from command line to 'False'
[0.491s] DEBUG:colcon.colcon_core.verb:Building package 'rosbot_spin' with the following arguments: {'ament_cmake_args': None, 'build_base': '/users/1047487/rka/ros/build/rosbot_spin', 'catkin_cmake_args': None, 'catkin_skip_building_tests': False, 'cmake_args': None, 'cmake_clean_cache': False, 'cmake_clean_first': False, 'cmake_force_configure': False, 'cmake_target': None, 'cmake_target_skip_unavailable': False, 'install_base': '/users/1047487/rka/ros/install/rosbot_spin', 'merge_install': False, 'path': '/users/1047487/rka/ros/src/rosbot_spin', 'symlink_install': True, 'test_result_base': None}
[0.492s] Level 5:colcon.colcon_core.verb:set package 'rwander' build argument 'cmake_args' from command line to 'None'
[0.492s] Level 5:colcon.colcon_core.verb:set package 'rwander' build argument 'cmake_target' from command line to 'None'
[0.492s] Level 5:colcon.colcon_core.verb:set package 'rwander' build argument 'cmake_target_skip_unavailable' from command line to 'False'
[0.492s] Level 5:colcon.colcon_core.verb:set package 'rwander' build argument 'cmake_clean_cache' from command line to 'False'
[0.492s] Level 5:colcon.colcon_core.verb:set package 'rwander' build argument 'cmake_clean_first' from command line to 'False'
[0.492s] Level 5:colcon.colcon_core.verb:set package 'rwander' build argument 'cmake_force_configure' from command line to 'False'
[0.492s] Level 5:colcon.colcon_core.verb:set package 'rwander' build argument 'ament_cmake_args' from command line to 'None'
[0.492s] Level 5:colcon.colcon_core.verb:set package 'rwander' build argument 'catkin_cmake_args' from command line to 'None'
[0.492s] Level 5:colcon.colcon_core.verb:set package 'rwander' build argument 'catkin_skip_building_tests' from command line to 'False'
[0.492s] DEBUG:colcon.colcon_core.verb:Building package 'rwander' with the following arguments: {'ament_cmake_args': None, 'build_base': '/users/1047487/rka/ros/build/rwander', 'catkin_cmake_args': None, 'catkin_skip_building_tests': False, 'cmake_args': None, 'cmake_clean_cache': False, 'cmake_clean_first': False, 'cmake_force_configure': False, 'cmake_target': None, 'cmake_target_skip_unavailable': False, 'install_base': '/users/1047487/rka/ros/install/rwander', 'merge_install': False, 'path': '/users/1047487/rka/ros/src/rwander', 'symlink_install': True, 'test_result_base': None}
[0.492s] INFO:colcon.colcon_core.executor:Executing jobs using 'parallel' executor
[0.493s] DEBUG:colcon.colcon_parallel_executor.executor.parallel:run_until_complete
[0.493s] INFO:colcon.colcon_ros.task.ament_python.build:Building ROS package in '/users/1047487/rka/ros/src/rosbot_spin' with build type 'ament_python'
[0.494s] Level 1:colcon.colcon_core.shell:create_environment_hook('rosbot_spin', 'ament_prefix_path')
[0.498s] INFO:colcon.colcon_core.plugin_system:Skipping extension 'colcon_core.shell.bat': Not used on non-Windows systems
[0.499s] INFO:colcon.colcon_core.shell:Creating environment hook '/users/1047487/rka/ros/install/rosbot_spin/share/rosbot_spin/hook/ament_prefix_path.ps1'
[0.500s] INFO:colcon.colcon_core.shell:Creating environment descriptor '/users/1047487/rka/ros/install/rosbot_spin/share/rosbot_spin/hook/ament_prefix_path.dsv'
[0.500s] INFO:colcon.colcon_core.shell:Creating environment hook '/users/1047487/rka/ros/install/rosbot_spin/share/rosbot_spin/hook/ament_prefix_path.sh'
[0.501s] INFO:colcon.colcon_core.shell:Skip shell extension 'powershell' for command environment: Not usable outside of PowerShell
[0.501s] DEBUG:colcon.colcon_core.shell:Skip shell extension 'dsv' for command environment
[0.505s] INFO:colcon.colcon_ros.task.ament_python.build:Building ROS package in '/users/1047487/rka/ros/src/rwander' with build type 'ament_python'
[0.505s] Level 1:colcon.colcon_core.shell:create_environment_hook('rwander', 'ament_prefix_path')
[0.505s] INFO:colcon.colcon_core.shell:Creating environment hook '/users/1047487/rka/ros/install/rwander/share/rwander/hook/ament_prefix_path.ps1'
[0.505s] INFO:colcon.colcon_core.shell:Creating environment descriptor '/users/1047487/rka/ros/install/rwander/share/rwander/hook/ament_prefix_path.dsv'
[0.506s] INFO:colcon.colcon_core.shell:Creating environment hook '/users/1047487/rka/ros/install/rwander/share/rwander/hook/ament_prefix_path.sh'
[0.506s] INFO:colcon.colcon_core.shell:Skip shell extension 'powershell' for command environment: Not usable outside of PowerShell
[0.506s] DEBUG:colcon.colcon_core.shell:Skip shell extension 'dsv' for command environment
[0.765s] INFO:colcon.colcon_core.task.python.build:Building Python package in '/users/1047487/rka/ros/src/rosbot_spin'
[0.766s] INFO:colcon.colcon_core.shell:Skip shell extension 'powershell' for command environment: Not usable outside of PowerShell
[0.766s] DEBUG:colcon.colcon_core.shell:Skip shell extension 'dsv' for command environment
[1.027s] INFO:colcon.colcon_core.task.python.build:Building Python package in '/users/1047487/rka/ros/src/rwander'
[1.027s] INFO:colcon.colcon_core.shell:Skip shell extension 'powershell' for command environment: Not usable outside of PowerShell
[1.027s] DEBUG:colcon.colcon_core.shell:Skip shell extension 'dsv' for command environment
[2.192s] DEBUG:colcon.colcon_core.event_handler.log_command:Invoking command in '/users/1047487/rka/ros/build/rosbot_spin': PYTHONPATH=/users/1047487/rka/ros/build/rosbot_spin/prefix_override:/usr/lib/python3/dist-packages/colcon_core/task/python/colcon_distutils_commands:/users/1047487/rka/ros/install/rosbot_spin/lib/python3.10/site-packages:${PYTHONPATH} /usr/bin/python3 -W ignore:setup.py install is deprecated setup.py develop --editable --build-directory /users/1047487/rka/ros/build/rosbot_spin/build --no-deps symlink_data
[2.215s] DEBUG:colcon.colcon_core.event_handler.log_command:Invoking command in '/users/1047487/rka/ros/build/rwander': PYTHONPATH=/users/1047487/rka/ros/build/rwander/prefix_override:/usr/lib/python3/dist-packages/colcon_core/task/python/colcon_distutils_commands:/users/1047487/rka/ros/install/rwander/lib/python3.10/site-packages:${PYTHONPATH} /usr/bin/python3 -W ignore:setup.py install is deprecated setup.py develop --editable --build-directory /users/1047487/rka/ros/build/rwander/build --no-deps symlink_data
[3.287s] Level 1:colcon.colcon_core.shell:create_environment_hook('rosbot_spin', 'pythonpath_develop')
[3.287s] INFO:colcon.colcon_core.shell:Creating environment hook '/users/1047487/rka/ros/build/rosbot_spin/share/rosbot_spin/hook/pythonpath_develop.ps1'
[3.287s] DEBUG:colcon.colcon_core.event_handler.log_command:Invoked command in '/users/1047487/rka/ros/build/rosbot_spin' returned '0': PYTHONPATH=/users/1047487/rka/ros/build/rosbot_spin/prefix_override:/usr/lib/python3/dist-packages/colcon_core/task/python/colcon_distutils_commands:/users/1047487/rka/ros/install/rosbot_spin/lib/python3.10/site-packages:${PYTHONPATH} /usr/bin/python3 -W ignore:setup.py install is deprecated setup.py develop --editable --build-directory /users/1047487/rka/ros/build/rosbot_spin/build --no-deps symlink_data
[3.288s] INFO:colcon.colcon_core.shell:Creating environment descriptor '/users/1047487/rka/ros/build/rosbot_spin/share/rosbot_spin/hook/pythonpath_develop.dsv'
[3.288s] INFO:colcon.colcon_core.shell:Creating environment hook '/users/1047487/rka/ros/build/rosbot_spin/share/rosbot_spin/hook/pythonpath_develop.sh'
[3.294s] Level 1:colcon.colcon_core.environment:checking '/users/1047487/rka/ros/install/rosbot_spin' for CMake module files
[3.294s] Level 1:colcon.colcon_core.environment:checking '/users/1047487/rka/ros/install/rosbot_spin' for CMake config files
[3.295s] Level 1:colcon.colcon_core.environment:checking '/users/1047487/rka/ros/install/rosbot_spin/lib'
[3.295s] Level 1:colcon.colcon_core.environment:checking '/users/1047487/rka/ros/install/rosbot_spin/bin'
[3.295s] Level 1:colcon.colcon_core.environment:checking '/users/1047487/rka/ros/install/rosbot_spin/lib/pkgconfig/rosbot_spin.pc'
[3.295s] Level 1:colcon.colcon_core.environment:checking '/users/1047487/rka/ros/install/rosbot_spin/lib/python3.10/site-packages'
[3.295s] Level 1:colcon.colcon_core.shell:create_environment_hook('rosbot_spin', 'pythonpath')
[3.296s] INFO:colcon.colcon_core.shell:Creating environment hook '/users/1047487/rka/ros/install/rosbot_spin/share/rosbot_spin/hook/pythonpath.ps1'
[3.296s] INFO:colcon.colcon_core.shell:Creating environment descriptor '/users/1047487/rka/ros/install/rosbot_spin/share/rosbot_spin/hook/pythonpath.dsv'
[3.296s] INFO:colcon.colcon_core.shell:Creating environment hook '/users/1047487/rka/ros/install/rosbot_spin/share/rosbot_spin/hook/pythonpath.sh'
[3.297s] Level 1:colcon.colcon_core.environment:checking '/users/1047487/rka/ros/install/rosbot_spin/bin'
[3.297s] Level 1:colcon.colcon_core.environment:create_environment_scripts_only(rosbot_spin)
[3.297s] INFO:colcon.colcon_core.shell:Creating package script '/users/1047487/rka/ros/install/rosbot_spin/share/rosbot_spin/package.ps1'
[3.298s] INFO:colcon.colcon_core.shell:Creating package descriptor '/users/1047487/rka/ros/install/rosbot_spin/share/rosbot_spin/package.dsv'
[3.299s] INFO:colcon.colcon_core.shell:Creating package script '/users/1047487/rka/ros/install/rosbot_spin/share/rosbot_spin/package.sh'
[3.300s] INFO:colcon.colcon_core.shell:Creating package script '/users/1047487/rka/ros/install/rosbot_spin/share/rosbot_spin/package.bash'
[3.301s] INFO:colcon.colcon_core.shell:Creating package script '/users/1047487/rka/ros/install/rosbot_spin/share/rosbot_spin/package.zsh'
[3.302s] Level 1:colcon.colcon_core.environment:create_file_with_runtime_dependencies(/users/1047487/rka/ros/install/rosbot_spin/share/colcon-core/packages/rosbot_spin)
[3.330s] Level 1:colcon.colcon_core.shell:create_environment_hook('rwander', 'pythonpath_develop')
[3.331s] INFO:colcon.colcon_core.shell:Creating environment hook '/users/1047487/rka/ros/build/rwander/share/rwander/hook/pythonpath_develop.ps1'
[3.331s] DEBUG:colcon.colcon_core.event_handler.log_command:Invoked command in '/users/1047487/rka/ros/build/rwander' returned '0': PYTHONPATH=/users/1047487/rka/ros/build/rwander/prefix_override:/usr/lib/python3/dist-packages/colcon_core/task/python/colcon_distutils_commands:/users/1047487/rka/ros/install/rwander/lib/python3.10/site-packages:${PYTHONPATH} /usr/bin/python3 -W ignore:setup.py install is deprecated setup.py develop --editable --build-directory /users/1047487/rka/ros/build/rwander/build --no-deps symlink_data
[3.332s] INFO:colcon.colcon_core.shell:Creating environment descriptor '/users/1047487/rka/ros/build/rwander/share/rwander/hook/pythonpath_develop.dsv'
[3.332s] INFO:colcon.colcon_core.shell:Creating environment hook '/users/1047487/rka/ros/build/rwander/share/rwander/hook/pythonpath_develop.sh'
[3.333s] Level 1:colcon.colcon_core.environment:checking '/users/1047487/rka/ros/install/rwander' for CMake module files
[3.333s] Level 1:colcon.colcon_core.environment:checking '/users/1047487/rka/ros/install/rwander' for CMake config files
[3.333s] Level 1:colcon.colcon_core.environment:checking '/users/1047487/rka/ros/install/rwander/lib'
[3.333s] Level 1:colcon.colcon_core.environment:checking '/users/1047487/rka/ros/install/rwander/bin'
[3.333s] Level 1:colcon.colcon_core.environment:checking '/users/1047487/rka/ros/install/rwander/lib/pkgconfig/rwander.pc'
[3.334s] Level 1:colcon.colcon_core.environment:checking '/users/1047487/rka/ros/install/rwander/lib/python3.10/site-packages'
[3.334s] Level 1:colcon.colcon_core.shell:create_environment_hook('rwander', 'pythonpath')
[3.334s] INFO:colcon.colcon_core.shell:Creating environment hook '/users/1047487/rka/ros/install/rwander/share/rwander/hook/pythonpath.ps1'
[3.334s] INFO:colcon.colcon_core.shell:Creating environment descriptor '/users/1047487/rka/ros/install/rwander/share/rwander/hook/pythonpath.dsv'
[3.334s] INFO:colcon.colcon_core.shell:Creating environment hook '/users/1047487/rka/ros/install/rwander/share/rwander/hook/pythonpath.sh'
[3.335s] Level 1:colcon.colcon_core.environment:checking '/users/1047487/rka/ros/install/rwander/bin'
[3.335s] Level 1:colcon.colcon_core.environment:create_environment_scripts_only(rwander)
[3.335s] INFO:colcon.colcon_core.shell:Creating package script '/users/1047487/rka/ros/install/rwander/share/rwander/package.ps1'
[3.335s] INFO:colcon.colcon_core.shell:Creating package descriptor '/users/1047487/rka/ros/install/rwander/share/rwander/package.dsv'
[3.336s] INFO:colcon.colcon_core.shell:Creating package script '/users/1047487/rka/ros/install/rwander/share/rwander/package.sh'
[3.336s] INFO:colcon.colcon_core.shell:Creating package script '/users/1047487/rka/ros/install/rwander/share/rwander/package.bash'
[3.336s] INFO:colcon.colcon_core.shell:Creating package script '/users/1047487/rka/ros/install/rwander/share/rwander/package.zsh'
[3.337s] Level 1:colcon.colcon_core.environment:create_file_with_runtime_dependencies(/users/1047487/rka/ros/install/rwander/share/colcon-core/packages/rwander)
[3.337s] DEBUG:colcon.colcon_parallel_executor.executor.parallel:closing loop
[3.337s] DEBUG:colcon.colcon_parallel_executor.executor.parallel:loop closed
[3.337s] DEBUG:colcon.colcon_parallel_executor.executor.parallel:run_until_complete finished with '0'
[3.337s] DEBUG:colcon.colcon_core.event_reactor:joining thread
[3.344s] INFO:colcon.colcon_core.plugin_system:Skipping extension 'colcon_notification.desktop_notification.terminal_notifier': Not used on non-Darwin systems
[3.344s] INFO:colcon.colcon_core.plugin_system:Skipping extension 'colcon_notification.desktop_notification.win32': Not used on non-Windows systems
[3.344s] INFO:colcon.colcon_notification.desktop_notification:Sending desktop notification using 'notify2'
[3.369s] DEBUG:colcon.colcon_core.event_reactor:joined thread
[3.370s] INFO:colcon.colcon_core.shell:Creating prefix script '/users/1047487/rka/ros/install/local_setup.ps1'
[3.371s] INFO:colcon.colcon_core.shell:Creating prefix util module '/users/1047487/rka/ros/install/_local_setup_util_ps1.py'
[3.373s] INFO:colcon.colcon_core.shell:Creating prefix chain script '/users/1047487/rka/ros/install/setup.ps1'
[3.374s] INFO:colcon.colcon_core.shell:Creating prefix script '/users/1047487/rka/ros/install/local_setup.sh'
[3.374s] INFO:colcon.colcon_core.shell:Creating prefix util module '/users/1047487/rka/ros/install/_local_setup_util_sh.py'
[3.375s] INFO:colcon.colcon_core.shell:Creating prefix chain script '/users/1047487/rka/ros/install/setup.sh'
[3.376s] INFO:colcon.colcon_core.shell:Creating prefix script '/users/1047487/rka/ros/install/local_setup.bash'
[3.377s] INFO:colcon.colcon_core.shell:Creating prefix chain script '/users/1047487/rka/ros/install/setup.bash'
[3.378s] INFO:colcon.colcon_core.shell:Creating prefix script '/users/1047487/rka/ros/install/local_setup.zsh'
[3.378s] INFO:colcon.colcon_core.shell:Creating prefix chain script '/users/1047487/rka/ros/install/setup.zsh'
