[3.007s] Invoking command in '/users/1047487/rka/ros/build/rosbot_spin': PYTHONPATH=/users/1047487/rka/ros/build/rosbot_spin/prefix_override:/usr/lib/python3/dist-packages/colcon_core/task/python/colcon_distutils_commands:/users/1047487/rka/ros/install/rosbot_spin/lib/python3.10/site-packages:${PYTHONPATH} /usr/bin/python3 -W ignore:setup.py install is deprecated setup.py develop --editable --build-directory /users/1047487/rka/ros/build/rosbot_spin/build --no-deps symlink_data
[3.278s] /users/1047487/.local/lib/python3.10/site-packages/setuptools/_distutils/dist.py:261: UserWarning: Unknown distribution option: 'tests_require'
[3.278s]   warnings.warn(msg)
[3.716s] running develop
[3.716s] /users/1047487/.local/lib/python3.10/site-packages/setuptools/command/develop.py:41: EasyInstallDeprecationWarning: easy_install command is deprecated.
[3.716s] !!
[3.716s] 
[3.716s]         ********************************************************************************
[3.717s]         Please avoid running ``setup.py`` and ``easy_install``.
[3.717s]         Instead, use pypa/build, pypa/installer or other
[3.717s]         standards-based tools.
[3.717s] 
[3.717s]         See https://github.com/pypa/setuptools/issues/917 for details.
[3.717s]         ********************************************************************************
[3.717s] 
[3.717s] !!
[3.718s]   easy_install.initialize_options(self)
[4.478s] running egg_info
[4.540s] writing rosbot_spin.egg-info/PKG-INFO
[4.541s] writing dependency_links to rosbot_spin.egg-info/dependency_links.txt
[4.541s] writing entry points to rosbot_spin.egg-info/entry_points.txt
[4.541s] writing requirements to rosbot_spin.egg-info/requires.txt
[4.542s] writing top-level names to rosbot_spin.egg-info/top_level.txt
[4.660s] reading manifest file 'rosbot_spin.egg-info/SOURCES.txt'
[4.663s] writing manifest file 'rosbot_spin.egg-info/SOURCES.txt'
[4.768s] running build_ext
[4.768s] Creating /users/1047487/rka/ros/install/rosbot_spin/lib/python3.10/site-packages/rosbot-spin.egg-link (link to .)
[4.770s] Installing rspin script to /users/1047487/rka/ros/install/rosbot_spin/lib/rosbot_spin
[4.770s] 
[4.770s] Installed /users/1047487/rka/ros/build/rosbot_spin
[4.770s] running symlink_data
[4.874s] Invoked command in '/users/1047487/rka/ros/build/rosbot_spin' returned '0': PYTHONPATH=/users/1047487/rka/ros/build/rosbot_spin/prefix_override:/usr/lib/python3/dist-packages/colcon_core/task/python/colcon_distutils_commands:/users/1047487/rka/ros/install/rosbot_spin/lib/python3.10/site-packages:${PYTHONPATH} /usr/bin/python3 -W ignore:setup.py install is deprecated setup.py develop --editable --build-directory /users/1047487/rka/ros/build/rosbot_spin/build --no-deps symlink_data
