[1.710s] Invoking command in '/users/1047487/rka/ros/build/rwander': PYTHONPATH=/users/1047487/rka/ros/build/rwander/prefix_override:/usr/lib/python3/dist-packages/colcon_core/task/python/colcon_distutils_commands:/users/1047487/rka/ros/install/rwander/lib/python3.10/site-packages:${PYTHONPATH} /usr/bin/python3 -W ignore:setup.py install is deprecated setup.py develop --editable --build-directory /users/1047487/rka/ros/build/rwander/build --no-deps symlink_data
[1.894s] /users/1047487/.local/lib/python3.10/site-packages/setuptools/_distutils/dist.py:261: UserWarning: Unknown distribution option: 'tests_require'
[1.894s]   warnings.warn(msg)
[2.195s] running develop
[2.195s] /users/1047487/.local/lib/python3.10/site-packages/setuptools/command/develop.py:41: EasyInstallDeprecationWarning: easy_install command is deprecated.
[2.195s] !!
[2.195s] 
[2.195s]         ********************************************************************************
[2.196s]         Please avoid running ``setup.py`` and ``easy_install``.
[2.196s]         Instead, use pypa/build, pypa/installer or other
[2.196s]         standards-based tools.
[2.196s] 
[2.196s]         See https://github.com/pypa/setuptools/issues/917 for details.
[2.196s]         ********************************************************************************
[2.196s] 
[2.196s] !!
[2.196s]   easy_install.initialize_options(self)
[2.604s] running egg_info
[2.604s] creating rwander.egg-info
[2.636s] writing rwander.egg-info/PKG-INFO
[2.636s] writing dependency_links to rwander.egg-info/dependency_links.txt
[2.637s] writing entry points to rwander.egg-info/entry_points.txt
[2.637s] writing requirements to rwander.egg-info/requires.txt
[2.637s] writing top-level names to rwander.egg-info/top_level.txt
[2.637s] writing manifest file 'rwander.egg-info/SOURCES.txt'
[2.668s] reading manifest file 'rwander.egg-info/SOURCES.txt'
[2.669s] writing manifest file 'rwander.egg-info/SOURCES.txt'
[2.735s] running build_ext
[2.769s] Creating /users/1047487/rka/ros/install/rwander/lib/python3.10/site-packages/rwander.egg-link (link to .)
[2.770s] Installing rwander script to /users/1047487/rka/ros/install/rwander/lib/rwander
[2.770s] 
[2.771s] Installed /users/1047487/rka/ros/build/rwander
[2.771s] running symlink_data
[2.771s] creating /users/1047487/rka/ros/install/rwander/share/ament_index
[2.771s] creating /users/1047487/rka/ros/install/rwander/share/ament_index/resource_index
[2.771s] creating /users/1047487/rka/ros/install/rwander/share/ament_index/resource_index/packages
[2.771s] symbolically linking /users/1047487/rka/ros/build/rwander/resource/rwander -> /users/1047487/rka/ros/install/rwander/share/ament_index/resource_index/packages
[2.771s] symbolically linking /users/1047487/rka/ros/build/rwander/package.xml -> /users/1047487/rka/ros/install/rwander/share/rwander
[2.771s] creating /users/1047487/rka/ros/install/rwander/share/rwander/launch
[2.771s] symbolically linking /users/1047487/rka/ros/build/rwander/launch/rwander.launch.py -> /users/1047487/rka/ros/install/rwander/share/rwander/launch
[2.772s] creating /users/1047487/rka/ros/install/rwander/share/rwander/maps
[2.772s] symbolically linking /users/1047487/rka/ros/build/rwander/maps/map.png -> /users/1047487/rka/ros/install/rwander/share/rwander/maps
[2.826s] Invoked command in '/users/1047487/rka/ros/build/rwander' returned '0': PYTHONPATH=/users/1047487/rka/ros/build/rwander/prefix_override:/usr/lib/python3/dist-packages/colcon_core/task/python/colcon_distutils_commands:/users/1047487/rka/ros/install/rwander/lib/python3.10/site-packages:${PYTHONPATH} /usr/bin/python3 -W ignore:setup.py install is deprecated setup.py develop --editable --build-directory /users/1047487/rka/ros/build/rwander/build --no-deps symlink_data
