[2.082s] Invoking command in '/users/1047487/rka/ros/build/rosbot_spin': PYTHONPATH=/users/1047487/rka/ros/build/rosbot_spin/prefix_override:/usr/lib/python3/dist-packages/colcon_core/task/python/colcon_distutils_commands:/users/1047487/rka/ros/install/rosbot_spin/lib/python3.10/site-packages:${PYTHONPATH} /usr/bin/python3 -W ignore:setup.py install is deprecated setup.py develop --editable --build-directory /users/1047487/rka/ros/build/rosbot_spin/build --no-deps symlink_data
[2.329s] /users/1047487/.local/lib/python3.10/site-packages/setuptools/_distutils/dist.py:261: UserWarning: Unknown distribution option: 'tests_require'
[2.329s]   warnings.warn(msg)
[2.740s] running develop
[2.740s] /users/1047487/.local/lib/python3.10/site-packages/setuptools/command/develop.py:41: EasyInstallDeprecationWarning: easy_install command is deprecated.
[2.740s] !!
[2.740s] 
[2.740s]         ********************************************************************************
[2.740s]         Please avoid running ``setup.py`` and ``easy_install``.
[2.740s]         Instead, use pypa/build, pypa/installer or other
[2.740s]         standards-based tools.
[2.740s] 
[2.741s]         See https://github.com/pypa/setuptools/issues/917 for details.
[2.741s]         ********************************************************************************
[2.741s] 
[2.741s] !!
[2.741s]   easy_install.initialize_options(self)
[3.296s] running egg_info
[3.341s] writing rosbot_spin.egg-info/PKG-INFO
[3.341s] writing dependency_links to rosbot_spin.egg-info/dependency_links.txt
[3.342s] writing entry points to rosbot_spin.egg-info/entry_points.txt
[3.342s] writing requirements to rosbot_spin.egg-info/requires.txt
[3.342s] writing top-level names to rosbot_spin.egg-info/top_level.txt
[3.427s] reading manifest file 'rosbot_spin.egg-info/SOURCES.txt'
[3.428s] writing manifest file 'rosbot_spin.egg-info/SOURCES.txt'
[3.519s] running build_ext
[3.519s] Creating /users/1047487/rka/ros/install/rosbot_spin/lib/python3.10/site-packages/rosbot-spin.egg-link (link to .)
[3.520s] Installing rspin script to /users/1047487/rka/ros/install/rosbot_spin/lib/rosbot_spin
[3.520s] 
[3.520s] Installed /users/1047487/rka/ros/build/rosbot_spin
[3.521s] running symlink_data
[3.596s] Invoked command in '/users/1047487/rka/ros/build/rosbot_spin' returned '0': PYTHONPATH=/users/1047487/rka/ros/build/rosbot_spin/prefix_override:/usr/lib/python3/dist-packages/colcon_core/task/python/colcon_distutils_commands:/users/1047487/rka/ros/install/rosbot_spin/lib/python3.10/site-packages:${PYTHONPATH} /usr/bin/python3 -W ignore:setup.py install is deprecated setup.py develop --editable --build-directory /users/1047487/rka/ros/build/rosbot_spin/build --no-deps symlink_data
