[0.159s] DEBUG:colcon:Command line arguments: ['/usr/bin/colcon', 'build', '--symlink-install']
[0.159s] DEBUG:colcon:Parsed command line arguments: Namespace(log_base=None, log_level=None, verb_name='build', build_base='build', install_base='install', merge_install=False, symlink_install=True, test_result_base=None, continue_on_error=False, executor='parallel', parallel_workers=8, event_handlers=None, ignore_user_meta=False, metas=['./colcon.meta'], base_paths=['.'], packages_ignore=None, packages_ignore_regex=None, paths=None, packages_up_to=None, packages_up_to_regex=None, packages_above=None, packages_above_and_dependencies=None, packages_above_depth=None, packages_select_by_dep=None, packages_skip_by_dep=None, packages_skip_up_to=None, packages_select_build_failed=False, packages_skip_build_finished=False, packages_select_test_failures=False, packages_skip_test_passed=False, packages_select=None, packages_skip=None, packages_select_regex=None, packages_skip_regex=None, packages_start=None, packages_end=None, allow_overriding=[], cmake_args=None, cmake_target=None, cmake_target_skip_unavailable=False, cmake_clean_cache=False, cmake_clean_first=False, cmake_force_configure=False, ament_cmake_args=None, catkin_cmake_args=None, catkin_skip_building_tests=False, mixin_files=None, mixin=None, verb_parser=<colcon_mixin.mixin.mixin_argument.MixinArgumentDecorator object at 0x7f87ee28fe50>, verb_extension=<colcon_core.verb.build.BuildVerb object at 0x7f87ee1c8bb0>, main=<bound method BuildVerb.main of <colcon_core.verb.build.BuildVerb object at 0x7f87ee1c8bb0>>, mixin_verb=('build',))
[0.206s] Level 1:colcon.colcon_core.package_discovery:discover_packages(colcon_meta) check parameters
[0.206s] Level 1:colcon.colcon_core.package_discovery:discover_packages(recursive) check parameters
[0.206s] Level 1:colcon.colcon_core.package_discovery:discover_packages(ignore) check parameters
[0.206s] Level 1:colcon.colcon_core.package_discovery:discover_packages(path) check parameters
[0.206s] Level 1:colcon.colcon_core.package_discovery:discover_packages(colcon_meta) discover
[0.207s] Level 1:colcon.colcon_core.package_discovery:discover_packages(recursive) discover
[0.207s] INFO:colcon.colcon_core.package_discovery:Crawling recursively for packages in '/users/1047487/rka/ros'
[0.207s] Level 1:colcon.colcon_core.package_identification:_identify(.) by extensions ['ignore', 'ignore_ament_install']
[0.207s] Level 1:colcon.colcon_core.package_identification:_identify(.) by extension 'ignore'
[0.207s] Level 1:colcon.colcon_core.package_identification:_identify(.) by extension 'ignore_ament_install'
[0.207s] Level 1:colcon.colcon_core.package_identification:_identify(.) by extensions ['colcon_pkg']
[0.207s] Level 1:colcon.colcon_core.package_identification:_identify(.) by extension 'colcon_pkg'
[0.207s] Level 1:colcon.colcon_core.package_identification:_identify(.) by extensions ['colcon_meta']
[0.207s] Level 1:colcon.colcon_core.package_identification:_identify(.) by extension 'colcon_meta'
[0.207s] Level 1:colcon.colcon_core.package_identification:_identify(.) by extensions ['ros']
[0.207s] Level 1:colcon.colcon_core.package_identification:_identify(.) by extension 'ros'
[0.224s] Level 1:colcon.colcon_core.package_identification:_identify(.) by extensions ['cmake', 'python']
[0.224s] Level 1:colcon.colcon_core.package_identification:_identify(.) by extension 'cmake'
[0.224s] Level 1:colcon.colcon_core.package_identification:_identify(.) by extension 'python'
[0.224s] Level 1:colcon.colcon_core.package_identification:_identify(.) by extensions ['python_setup_py']
[0.224s] Level 1:colcon.colcon_core.package_identification:_identify(.) by extension 'python_setup_py'
[0.225s] Level 1:colcon.colcon_core.package_identification:_identify(build) by extensions ['ignore', 'ignore_ament_install']
[0.225s] Level 1:colcon.colcon_core.package_identification:_identify(build) by extension 'ignore'
[0.225s] Level 1:colcon.colcon_core.package_identification:_identify(build) ignored
[0.225s] Level 1:colcon.colcon_core.package_identification:_identify(install) by extensions ['ignore', 'ignore_ament_install']
[0.225s] Level 1:colcon.colcon_core.package_identification:_identify(install) by extension 'ignore'
[0.225s] Level 1:colcon.colcon_core.package_identification:_identify(install) ignored
[0.225s] Level 1:colcon.colcon_core.package_identification:_identify(log) by extensions ['ignore', 'ignore_ament_install']
[0.225s] Level 1:colcon.colcon_core.package_identification:_identify(log) by extension 'ignore'
[0.225s] Level 1:colcon.colcon_core.package_identification:_identify(log) ignored
[0.225s] Level 1:colcon.colcon_core.package_identification:_identify(src) by extensions ['ignore', 'ignore_ament_install']
[0.225s] Level 1:colcon.colcon_core.package_identification:_identify(src) by extension 'ignore'
[0.226s] Level 1:colcon.colcon_core.package_identification:_identify(src) by extension 'ignore_ament_install'
[0.226s] Level 1:colcon.colcon_core.package_identification:_identify(src) by extensions ['colcon_pkg']
[0.226s] Level 1:colcon.colcon_core.package_identification:_identify(src) by extension 'colcon_pkg'
[0.226s] Level 1:colcon.colcon_core.package_identification:_identify(src) by extensions ['colcon_meta']
[0.226s] Level 1:colcon.colcon_core.package_identification:_identify(src) by extension 'colcon_meta'
[0.226s] Level 1:colcon.colcon_core.package_identification:_identify(src) by extensions ['ros']
[0.226s] Level 1:colcon.colcon_core.package_identification:_identify(src) by extension 'ros'
[0.226s] Level 1:colcon.colcon_core.package_identification:_identify(src) by extensions ['cmake', 'python']
[0.226s] Level 1:colcon.colcon_core.package_identification:_identify(src) by extension 'cmake'
[0.226s] Level 1:colcon.colcon_core.package_identification:_identify(src) by extension 'python'
[0.226s] Level 1:colcon.colcon_core.package_identification:_identify(src) by extensions ['python_setup_py']
[0.226s] Level 1:colcon.colcon_core.package_identification:_identify(src) by extension 'python_setup_py'
[0.226s] Level 1:colcon.colcon_core.package_identification:_identify(src/odom2pose) by extensions ['ignore', 'ignore_ament_install']
[0.226s] Level 1:colcon.colcon_core.package_identification:_identify(src/odom2pose) by extension 'ignore'
[0.226s] Level 1:colcon.colcon_core.package_identification:_identify(src/odom2pose) by extension 'ignore_ament_install'
[0.226s] Level 1:colcon.colcon_core.package_identification:_identify(src/odom2pose) by extensions ['colcon_pkg']
[0.226s] Level 1:colcon.colcon_core.package_identification:_identify(src/odom2pose) by extension 'colcon_pkg'
[0.226s] Level 1:colcon.colcon_core.package_identification:_identify(src/odom2pose) by extensions ['colcon_meta']
[0.226s] Level 1:colcon.colcon_core.package_identification:_identify(src/odom2pose) by extension 'colcon_meta'
[0.227s] Level 1:colcon.colcon_core.package_identification:_identify(src/odom2pose) by extensions ['ros']
[0.227s] Level 1:colcon.colcon_core.package_identification:_identify(src/odom2pose) by extension 'ros'
[0.229s] DEBUG:colcon.colcon_core.package_identification:Package 'src/odom2pose' with type 'ros.ament_python' and name 'odom2pose'
[0.229s] Level 1:colcon.colcon_core.package_identification:_identify(src/rosbot_spin) by extensions ['ignore', 'ignore_ament_install']
[0.229s] Level 1:colcon.colcon_core.package_identification:_identify(src/rosbot_spin) by extension 'ignore'
[0.229s] Level 1:colcon.colcon_core.package_identification:_identify(src/rosbot_spin) by extension 'ignore_ament_install'
[0.229s] Level 1:colcon.colcon_core.package_identification:_identify(src/rosbot_spin) by extensions ['colcon_pkg']
[0.229s] Level 1:colcon.colcon_core.package_identification:_identify(src/rosbot_spin) by extension 'colcon_pkg'
[0.230s] Level 1:colcon.colcon_core.package_identification:_identify(src/rosbot_spin) by extensions ['colcon_meta']
[0.230s] Level 1:colcon.colcon_core.package_identification:_identify(src/rosbot_spin) by extension 'colcon_meta'
[0.230s] Level 1:colcon.colcon_core.package_identification:_identify(src/rosbot_spin) by extensions ['ros']
[0.230s] Level 1:colcon.colcon_core.package_identification:_identify(src/rosbot_spin) by extension 'ros'
[0.230s] DEBUG:colcon.colcon_core.package_identification:Package 'src/rosbot_spin' with type 'ros.ament_python' and name 'rosbot_spin'
[0.230s] Level 1:colcon.colcon_core.package_identification:_identify(src/rwander) by extensions ['ignore', 'ignore_ament_install']
[0.230s] Level 1:colcon.colcon_core.package_identification:_identify(src/rwander) by extension 'ignore'
[0.230s] Level 1:colcon.colcon_core.package_identification:_identify(src/rwander) by extension 'ignore_ament_install'
[0.230s] Level 1:colcon.colcon_core.package_identification:_identify(src/rwander) by extensions ['colcon_pkg']
[0.231s] Level 1:colcon.colcon_core.package_identification:_identify(src/rwander) by extension 'colcon_pkg'
[0.231s] Level 1:colcon.colcon_core.package_identification:_identify(src/rwander) by extensions ['colcon_meta']
[0.231s] Level 1:colcon.colcon_core.package_identification:_identify(src/rwander) by extension 'colcon_meta'
[0.231s] Level 1:colcon.colcon_core.package_identification:_identify(src/rwander) by extensions ['ros']
[0.231s] Level 1:colcon.colcon_core.package_identification:_identify(src/rwander) by extension 'ros'
[0.231s] DEBUG:colcon.colcon_core.package_identification:Package 'src/rwander' with type 'ros.ament_python' and name 'rwander'
[0.231s] Level 1:colcon.colcon_core.package_discovery:discover_packages(recursive) using defaults
[0.231s] Level 1:colcon.colcon_core.package_discovery:discover_packages(ignore) discover
[0.232s] Level 1:colcon.colcon_core.package_discovery:discover_packages(ignore) using defaults
[0.232s] Level 1:colcon.colcon_core.package_discovery:discover_packages(path) discover
[0.232s] Level 1:colcon.colcon_core.package_discovery:discover_packages(path) using defaults
[0.257s] Level 1:colcon.colcon_core.package_discovery:discover_packages(prefix_path) check parameters
[0.257s] Level 1:colcon.colcon_core.package_discovery:discover_packages(prefix_path) discover
[0.258s] WARNING:colcon.colcon_ros.prefix_path.ament:The path '/users/1047487/rka/ros/install/rwander' in the environment variable AMENT_PREFIX_PATH doesn't exist
[0.258s] WARNING:colcon.colcon_ros.prefix_path.ament:The path '/users/1047487/rka/ros/install/rosbot_spin' in the environment variable AMENT_PREFIX_PATH doesn't exist
[0.258s] WARNING:colcon.colcon_ros.prefix_path.ament:The path '/users/1047487/rka/ros/install/odom2pose' in the environment variable AMENT_PREFIX_PATH doesn't exist
[0.259s] DEBUG:colcon.colcon_installed_package_information.package_discovery:Found 0 installed packages in /users/1047487/rka/ros/install
[0.260s] DEBUG:colcon.colcon_installed_package_information.package_discovery:Found 33 installed packages in /opt/rsait_pkgs
[0.262s] DEBUG:colcon.colcon_installed_package_information.package_discovery:Found 310 installed packages in /opt/ros/humble
[0.263s] Level 1:colcon.colcon_core.package_discovery:discover_packages(prefix_path) using defaults
[0.318s] Level 5:colcon.colcon_core.verb:set package 'odom2pose' build argument 'cmake_args' from command line to 'None'
[0.318s] Level 5:colcon.colcon_core.verb:set package 'odom2pose' build argument 'cmake_target' from command line to 'None'
[0.318s] Level 5:colcon.colcon_core.verb:set package 'odom2pose' build argument 'cmake_target_skip_unavailable' from command line to 'False'
[0.319s] Level 5:colcon.colcon_core.verb:set package 'odom2pose' build argument 'cmake_clean_cache' from command line to 'False'
[0.319s] Level 5:colcon.colcon_core.verb:set package 'odom2pose' build argument 'cmake_clean_first' from command line to 'False'
[0.319s] Level 5:colcon.colcon_core.verb:set package 'odom2pose' build argument 'cmake_force_configure' from command line to 'False'
[0.319s] Level 5:colcon.colcon_core.verb:set package 'odom2pose' build argument 'ament_cmake_args' from command line to 'None'
[0.319s] Level 5:colcon.colcon_core.verb:set package 'odom2pose' build argument 'catkin_cmake_args' from command line to 'None'
[0.319s] Level 5:colcon.colcon_core.verb:set package 'odom2pose' build argument 'catkin_skip_building_tests' from command line to 'False'
[0.319s] DEBUG:colcon.colcon_core.verb:Building package 'odom2pose' with the following arguments: {'ament_cmake_args': None, 'build_base': '/users/1047487/rka/ros/build/odom2pose', 'catkin_cmake_args': None, 'catkin_skip_building_tests': False, 'cmake_args': None, 'cmake_clean_cache': False, 'cmake_clean_first': False, 'cmake_force_configure': False, 'cmake_target': None, 'cmake_target_skip_unavailable': False, 'install_base': '/users/1047487/rka/ros/install/odom2pose', 'merge_install': False, 'path': '/users/1047487/rka/ros/src/odom2pose', 'symlink_install': True, 'test_result_base': None}
[0.319s] Level 5:colcon.colcon_core.verb:set package 'rosbot_spin' build argument 'cmake_args' from command line to 'None'
[0.319s] Level 5:colcon.colcon_core.verb:set package 'rosbot_spin' build argument 'cmake_target' from command line to 'None'
[0.319s] Level 5:colcon.colcon_core.verb:set package 'rosbot_spin' build argument 'cmake_target_skip_unavailable' from command line to 'False'
[0.319s] Level 5:colcon.colcon_core.verb:set package 'rosbot_spin' build argument 'cmake_clean_cache' from command line to 'False'
[0.319s] Level 5:colcon.colcon_core.verb:set package 'rosbot_spin' build argument 'cmake_clean_first' from command line to 'False'
[0.319s] Level 5:colcon.colcon_core.verb:set package 'rosbot_spin' build argument 'cmake_force_configure' from command line to 'False'
[0.319s] Level 5:colcon.colcon_core.verb:set package 'rosbot_spin' build argument 'ament_cmake_args' from command line to 'None'
[0.320s] Level 5:colcon.colcon_core.verb:set package 'rosbot_spin' build argument 'catkin_cmake_args' from command line to 'None'
[0.320s] Level 5:colcon.colcon_core.verb:set package 'rosbot_spin' build argument 'catkin_skip_building_tests' from command line to 'False'
[0.320s] DEBUG:colcon.colcon_core.verb:Building package 'rosbot_spin' with the following arguments: {'ament_cmake_args': None, 'build_base': '/users/1047487/rka/ros/build/rosbot_spin', 'catkin_cmake_args': None, 'catkin_skip_building_tests': False, 'cmake_args': None, 'cmake_clean_cache': False, 'cmake_clean_first': False, 'cmake_force_configure': False, 'cmake_target': None, 'cmake_target_skip_unavailable': False, 'install_base': '/users/1047487/rka/ros/install/rosbot_spin', 'merge_install': False, 'path': '/users/1047487/rka/ros/src/rosbot_spin', 'symlink_install': True, 'test_result_base': None}
[0.320s] Level 5:colcon.colcon_core.verb:set package 'rwander' build argument 'cmake_args' from command line to 'None'
[0.320s] Level 5:colcon.colcon_core.verb:set package 'rwander' build argument 'cmake_target' from command line to 'None'
[0.320s] Level 5:colcon.colcon_core.verb:set package 'rwander' build argument 'cmake_target_skip_unavailable' from command line to 'False'
[0.320s] Level 5:colcon.colcon_core.verb:set package 'rwander' build argument 'cmake_clean_cache' from command line to 'False'
[0.320s] Level 5:colcon.colcon_core.verb:set package 'rwander' build argument 'cmake_clean_first' from command line to 'False'
[0.320s] Level 5:colcon.colcon_core.verb:set package 'rwander' build argument 'cmake_force_configure' from command line to 'False'
[0.320s] Level 5:colcon.colcon_core.verb:set package 'rwander' build argument 'ament_cmake_args' from command line to 'None'
[0.320s] Level 5:colcon.colcon_core.verb:set package 'rwander' build argument 'catkin_cmake_args' from command line to 'None'
[0.320s] Level 5:colcon.colcon_core.verb:set package 'rwander' build argument 'catkin_skip_building_tests' from command line to 'False'
[0.320s] DEBUG:colcon.colcon_core.verb:Building package 'rwander' with the following arguments: {'ament_cmake_args': None, 'build_base': '/users/1047487/rka/ros/build/rwander', 'catkin_cmake_args': None, 'catkin_skip_building_tests': False, 'cmake_args': None, 'cmake_clean_cache': False, 'cmake_clean_first': False, 'cmake_force_configure': False, 'cmake_target': None, 'cmake_target_skip_unavailable': False, 'install_base': '/users/1047487/rka/ros/install/rwander', 'merge_install': False, 'path': '/users/1047487/rka/ros/src/rwander', 'symlink_install': True, 'test_result_base': None}
[0.321s] INFO:colcon.colcon_core.executor:Executing jobs using 'parallel' executor
[0.322s] DEBUG:colcon.colcon_parallel_executor.executor.parallel:run_until_complete
[0.322s] INFO:colcon.colcon_ros.task.ament_python.build:Building ROS package in '/users/1047487/rka/ros/src/odom2pose' with build type 'ament_python'
[0.323s] Level 1:colcon.colcon_core.shell:create_environment_hook('odom2pose', 'ament_prefix_path')
[0.325s] INFO:colcon.colcon_core.plugin_system:Skipping extension 'colcon_core.shell.bat': Not used on non-Windows systems
[0.325s] INFO:colcon.colcon_core.shell:Creating environment hook '/users/1047487/rka/ros/install/odom2pose/share/odom2pose/hook/ament_prefix_path.ps1'
[0.326s] INFO:colcon.colcon_core.shell:Creating environment descriptor '/users/1047487/rka/ros/install/odom2pose/share/odom2pose/hook/ament_prefix_path.dsv'
[0.326s] INFO:colcon.colcon_core.shell:Creating environment hook '/users/1047487/rka/ros/install/odom2pose/share/odom2pose/hook/ament_prefix_path.sh'
[0.327s] INFO:colcon.colcon_core.shell:Skip shell extension 'powershell' for command environment: Not usable outside of PowerShell
[0.327s] DEBUG:colcon.colcon_core.shell:Skip shell extension 'dsv' for command environment
[0.332s] INFO:colcon.colcon_ros.task.ament_python.build:Building ROS package in '/users/1047487/rka/ros/src/rosbot_spin' with build type 'ament_python'
[0.332s] Level 1:colcon.colcon_core.shell:create_environment_hook('rosbot_spin', 'ament_prefix_path')
[0.333s] INFO:colcon.colcon_core.shell:Creating environment hook '/users/1047487/rka/ros/install/rosbot_spin/share/rosbot_spin/hook/ament_prefix_path.ps1'
[0.333s] INFO:colcon.colcon_core.shell:Creating environment descriptor '/users/1047487/rka/ros/install/rosbot_spin/share/rosbot_spin/hook/ament_prefix_path.dsv'
[0.334s] INFO:colcon.colcon_core.shell:Creating environment hook '/users/1047487/rka/ros/install/rosbot_spin/share/rosbot_spin/hook/ament_prefix_path.sh'
[0.334s] INFO:colcon.colcon_core.shell:Skip shell extension 'powershell' for command environment: Not usable outside of PowerShell
[0.335s] DEBUG:colcon.colcon_core.shell:Skip shell extension 'dsv' for command environment
[0.340s] INFO:colcon.colcon_ros.task.ament_python.build:Building ROS package in '/users/1047487/rka/ros/src/rwander' with build type 'ament_python'
[0.340s] Level 1:colcon.colcon_core.shell:create_environment_hook('rwander', 'ament_prefix_path')
[0.340s] INFO:colcon.colcon_core.shell:Creating environment hook '/users/1047487/rka/ros/install/rwander/share/rwander/hook/ament_prefix_path.ps1'
[0.341s] INFO:colcon.colcon_core.shell:Creating environment descriptor '/users/1047487/rka/ros/install/rwander/share/rwander/hook/ament_prefix_path.dsv'
[0.341s] INFO:colcon.colcon_core.shell:Creating environment hook '/users/1047487/rka/ros/install/rwander/share/rwander/hook/ament_prefix_path.sh'
[0.342s] INFO:colcon.colcon_core.shell:Skip shell extension 'powershell' for command environment: Not usable outside of PowerShell
[0.342s] DEBUG:colcon.colcon_core.shell:Skip shell extension 'dsv' for command environment
[0.725s] INFO:colcon.colcon_core.task.python.build:Building Python package in '/users/1047487/rka/ros/src/odom2pose'
[0.726s] INFO:colcon.colcon_core.shell:Skip shell extension 'powershell' for command environment: Not usable outside of PowerShell
[0.726s] DEBUG:colcon.colcon_core.shell:Skip shell extension 'dsv' for command environment
[1.102s] INFO:colcon.colcon_core.task.python.build:Building Python package in '/users/1047487/rka/ros/src/rosbot_spin'
[1.102s] INFO:colcon.colcon_core.shell:Skip shell extension 'powershell' for command environment: Not usable outside of PowerShell
[1.102s] DEBUG:colcon.colcon_core.shell:Skip shell extension 'dsv' for command environment
[1.489s] INFO:colcon.colcon_core.task.python.build:Building Python package in '/users/1047487/rka/ros/src/rwander'
[1.489s] INFO:colcon.colcon_core.shell:Skip shell extension 'powershell' for command environment: Not usable outside of PowerShell
[1.489s] DEBUG:colcon.colcon_core.shell:Skip shell extension 'dsv' for command environment
[2.889s] DEBUG:colcon.colcon_core.event_handler.log_command:Invoking command in '/users/1047487/rka/ros/build/rosbot_spin': PYTHONPATH=/users/1047487/rka/ros/build/rosbot_spin/prefix_override:/usr/lib/python3/dist-packages/colcon_core/task/python/colcon_distutils_commands:/users/1047487/rka/ros/install/rosbot_spin/lib/python3.10/site-packages:${PYTHONPATH} /usr/bin/python3 -W ignore:setup.py install is deprecated setup.py develop --editable --build-directory /users/1047487/rka/ros/build/rosbot_spin/build --no-deps symlink_data
[2.915s] DEBUG:colcon.colcon_core.event_handler.log_command:Invoking command in '/users/1047487/rka/ros/build/rwander': PYTHONPATH=/users/1047487/rka/ros/build/rwander/prefix_override:/usr/lib/python3/dist-packages/colcon_core/task/python/colcon_distutils_commands:/users/1047487/rka/ros/install/rwander/lib/python3.10/site-packages:${PYTHONPATH} /usr/bin/python3 -W ignore:setup.py install is deprecated setup.py develop --editable --build-directory /users/1047487/rka/ros/build/rwander/build --no-deps symlink_data
[2.921s] DEBUG:colcon.colcon_core.event_handler.log_command:Invoking command in '/users/1047487/rka/ros/build/odom2pose': PYTHONPATH=/users/1047487/rka/ros/build/odom2pose/prefix_override:/usr/lib/python3/dist-packages/colcon_core/task/python/colcon_distutils_commands:/users/1047487/rka/ros/install/odom2pose/lib/python3.10/site-packages:${PYTHONPATH} /usr/bin/python3 -W ignore:setup.py install is deprecated setup.py develop --editable --build-directory /users/1047487/rka/ros/build/odom2pose/build --no-deps symlink_data
[4.514s] Level 1:colcon.colcon_core.shell:create_environment_hook('rosbot_spin', 'pythonpath_develop')
[4.514s] INFO:colcon.colcon_core.shell:Creating environment hook '/users/1047487/rka/ros/build/rosbot_spin/share/rosbot_spin/hook/pythonpath_develop.ps1'
[4.515s] DEBUG:colcon.colcon_core.event_handler.log_command:Invoked command in '/users/1047487/rka/ros/build/rosbot_spin' returned '0': PYTHONPATH=/users/1047487/rka/ros/build/rosbot_spin/prefix_override:/usr/lib/python3/dist-packages/colcon_core/task/python/colcon_distutils_commands:/users/1047487/rka/ros/install/rosbot_spin/lib/python3.10/site-packages:${PYTHONPATH} /usr/bin/python3 -W ignore:setup.py install is deprecated setup.py develop --editable --build-directory /users/1047487/rka/ros/build/rosbot_spin/build --no-deps symlink_data
[4.516s] INFO:colcon.colcon_core.shell:Creating environment descriptor '/users/1047487/rka/ros/build/rosbot_spin/share/rosbot_spin/hook/pythonpath_develop.dsv'
[4.516s] INFO:colcon.colcon_core.shell:Creating environment hook '/users/1047487/rka/ros/build/rosbot_spin/share/rosbot_spin/hook/pythonpath_develop.sh'
[4.519s] Level 1:colcon.colcon_core.environment:checking '/users/1047487/rka/ros/install/rosbot_spin' for CMake module files
[4.520s] Level 1:colcon.colcon_core.environment:checking '/users/1047487/rka/ros/install/rosbot_spin' for CMake config files
[4.521s] Level 1:colcon.colcon_core.environment:checking '/users/1047487/rka/ros/install/rosbot_spin/lib'
[4.521s] Level 1:colcon.colcon_core.environment:checking '/users/1047487/rka/ros/install/rosbot_spin/bin'
[4.521s] Level 1:colcon.colcon_core.environment:checking '/users/1047487/rka/ros/install/rosbot_spin/lib/pkgconfig/rosbot_spin.pc'
[4.521s] Level 1:colcon.colcon_core.environment:checking '/users/1047487/rka/ros/install/rosbot_spin/lib/python3.10/site-packages'
[4.522s] Level 1:colcon.colcon_core.shell:create_environment_hook('rosbot_spin', 'pythonpath')
[4.522s] INFO:colcon.colcon_core.shell:Creating environment hook '/users/1047487/rka/ros/install/rosbot_spin/share/rosbot_spin/hook/pythonpath.ps1'
[4.522s] INFO:colcon.colcon_core.shell:Creating environment descriptor '/users/1047487/rka/ros/install/rosbot_spin/share/rosbot_spin/hook/pythonpath.dsv'
[4.523s] INFO:colcon.colcon_core.shell:Creating environment hook '/users/1047487/rka/ros/install/rosbot_spin/share/rosbot_spin/hook/pythonpath.sh'
[4.523s] Level 1:colcon.colcon_core.environment:checking '/users/1047487/rka/ros/install/rosbot_spin/bin'
[4.524s] Level 1:colcon.colcon_core.environment:create_environment_scripts_only(rosbot_spin)
[4.524s] INFO:colcon.colcon_core.shell:Creating package script '/users/1047487/rka/ros/install/rosbot_spin/share/rosbot_spin/package.ps1'
[4.526s] INFO:colcon.colcon_core.shell:Creating package descriptor '/users/1047487/rka/ros/install/rosbot_spin/share/rosbot_spin/package.dsv'
[4.527s] INFO:colcon.colcon_core.shell:Creating package script '/users/1047487/rka/ros/install/rosbot_spin/share/rosbot_spin/package.sh'
[4.528s] INFO:colcon.colcon_core.shell:Creating package script '/users/1047487/rka/ros/install/rosbot_spin/share/rosbot_spin/package.bash'
[4.529s] INFO:colcon.colcon_core.shell:Creating package script '/users/1047487/rka/ros/install/rosbot_spin/share/rosbot_spin/package.zsh'
[4.529s] Level 1:colcon.colcon_core.environment:create_file_with_runtime_dependencies(/users/1047487/rka/ros/install/rosbot_spin/share/colcon-core/packages/rosbot_spin)
[4.539s] Level 1:colcon.colcon_core.shell:create_environment_hook('odom2pose', 'pythonpath_develop')
[4.539s] INFO:colcon.colcon_core.shell:Creating environment hook '/users/1047487/rka/ros/build/odom2pose/share/odom2pose/hook/pythonpath_develop.ps1'
[4.540s] DEBUG:colcon.colcon_core.event_handler.log_command:Invoked command in '/users/1047487/rka/ros/build/odom2pose' returned '0': PYTHONPATH=/users/1047487/rka/ros/build/odom2pose/prefix_override:/usr/lib/python3/dist-packages/colcon_core/task/python/colcon_distutils_commands:/users/1047487/rka/ros/install/odom2pose/lib/python3.10/site-packages:${PYTHONPATH} /usr/bin/python3 -W ignore:setup.py install is deprecated setup.py develop --editable --build-directory /users/1047487/rka/ros/build/odom2pose/build --no-deps symlink_data
[4.541s] INFO:colcon.colcon_core.shell:Creating environment descriptor '/users/1047487/rka/ros/build/odom2pose/share/odom2pose/hook/pythonpath_develop.dsv'
[4.541s] INFO:colcon.colcon_core.shell:Creating environment hook '/users/1047487/rka/ros/build/odom2pose/share/odom2pose/hook/pythonpath_develop.sh'
[4.542s] Level 1:colcon.colcon_core.environment:checking '/users/1047487/rka/ros/install/odom2pose' for CMake module files
[4.543s] Level 1:colcon.colcon_core.environment:checking '/users/1047487/rka/ros/install/odom2pose' for CMake config files
[4.544s] Level 1:colcon.colcon_core.environment:checking '/users/1047487/rka/ros/install/odom2pose/lib'
[4.544s] Level 1:colcon.colcon_core.environment:checking '/users/1047487/rka/ros/install/odom2pose/bin'
[4.544s] Level 1:colcon.colcon_core.environment:checking '/users/1047487/rka/ros/install/odom2pose/lib/pkgconfig/odom2pose.pc'
[4.544s] Level 1:colcon.colcon_core.environment:checking '/users/1047487/rka/ros/install/odom2pose/lib/python3.10/site-packages'
[4.544s] Level 1:colcon.colcon_core.shell:create_environment_hook('odom2pose', 'pythonpath')
[4.545s] INFO:colcon.colcon_core.shell:Creating environment hook '/users/1047487/rka/ros/install/odom2pose/share/odom2pose/hook/pythonpath.ps1'
[4.546s] INFO:colcon.colcon_core.shell:Creating environment descriptor '/users/1047487/rka/ros/install/odom2pose/share/odom2pose/hook/pythonpath.dsv'
[4.546s] INFO:colcon.colcon_core.shell:Creating environment hook '/users/1047487/rka/ros/install/odom2pose/share/odom2pose/hook/pythonpath.sh'
[4.547s] Level 1:colcon.colcon_core.environment:checking '/users/1047487/rka/ros/install/odom2pose/bin'
[4.547s] Level 1:colcon.colcon_core.environment:create_environment_scripts_only(odom2pose)
[4.547s] INFO:colcon.colcon_core.shell:Creating package script '/users/1047487/rka/ros/install/odom2pose/share/odom2pose/package.ps1'
[4.548s] INFO:colcon.colcon_core.shell:Creating package descriptor '/users/1047487/rka/ros/install/odom2pose/share/odom2pose/package.dsv'
[4.548s] INFO:colcon.colcon_core.shell:Creating package script '/users/1047487/rka/ros/install/odom2pose/share/odom2pose/package.sh'
[4.549s] INFO:colcon.colcon_core.shell:Creating package script '/users/1047487/rka/ros/install/odom2pose/share/odom2pose/package.bash'
[4.549s] INFO:colcon.colcon_core.shell:Creating package script '/users/1047487/rka/ros/install/odom2pose/share/odom2pose/package.zsh'
[4.549s] Level 1:colcon.colcon_core.environment:create_file_with_runtime_dependencies(/users/1047487/rka/ros/install/odom2pose/share/colcon-core/packages/odom2pose)
[4.551s] Level 1:colcon.colcon_core.shell:create_environment_hook('rwander', 'pythonpath_develop')
[4.551s] INFO:colcon.colcon_core.shell:Creating environment hook '/users/1047487/rka/ros/build/rwander/share/rwander/hook/pythonpath_develop.ps1'
[4.552s] DEBUG:colcon.colcon_core.event_handler.log_command:Invoked command in '/users/1047487/rka/ros/build/rwander' returned '0': PYTHONPATH=/users/1047487/rka/ros/build/rwander/prefix_override:/usr/lib/python3/dist-packages/colcon_core/task/python/colcon_distutils_commands:/users/1047487/rka/ros/install/rwander/lib/python3.10/site-packages:${PYTHONPATH} /usr/bin/python3 -W ignore:setup.py install is deprecated setup.py develop --editable --build-directory /users/1047487/rka/ros/build/rwander/build --no-deps symlink_data
[4.552s] INFO:colcon.colcon_core.shell:Creating environment descriptor '/users/1047487/rka/ros/build/rwander/share/rwander/hook/pythonpath_develop.dsv'
[4.552s] INFO:colcon.colcon_core.shell:Creating environment hook '/users/1047487/rka/ros/build/rwander/share/rwander/hook/pythonpath_develop.sh'
[4.553s] Level 1:colcon.colcon_core.environment:checking '/users/1047487/rka/ros/install/rwander' for CMake module files
[4.554s] Level 1:colcon.colcon_core.environment:checking '/users/1047487/rka/ros/install/rwander' for CMake config files
[4.554s] Level 1:colcon.colcon_core.environment:checking '/users/1047487/rka/ros/install/rwander/lib'
[4.555s] Level 1:colcon.colcon_core.environment:checking '/users/1047487/rka/ros/install/rwander/bin'
[4.555s] Level 1:colcon.colcon_core.environment:checking '/users/1047487/rka/ros/install/rwander/lib/pkgconfig/rwander.pc'
[4.555s] Level 1:colcon.colcon_core.environment:checking '/users/1047487/rka/ros/install/rwander/lib/python3.10/site-packages'
[4.555s] Level 1:colcon.colcon_core.shell:create_environment_hook('rwander', 'pythonpath')
[4.556s] INFO:colcon.colcon_core.shell:Creating environment hook '/users/1047487/rka/ros/install/rwander/share/rwander/hook/pythonpath.ps1'
[4.556s] INFO:colcon.colcon_core.shell:Creating environment descriptor '/users/1047487/rka/ros/install/rwander/share/rwander/hook/pythonpath.dsv'
[4.557s] INFO:colcon.colcon_core.shell:Creating environment hook '/users/1047487/rka/ros/install/rwander/share/rwander/hook/pythonpath.sh'
[4.558s] Level 1:colcon.colcon_core.environment:checking '/users/1047487/rka/ros/install/rwander/bin'
[4.558s] Level 1:colcon.colcon_core.environment:create_environment_scripts_only(rwander)
[4.559s] INFO:colcon.colcon_core.shell:Creating package script '/users/1047487/rka/ros/install/rwander/share/rwander/package.ps1'
[4.560s] INFO:colcon.colcon_core.shell:Creating package descriptor '/users/1047487/rka/ros/install/rwander/share/rwander/package.dsv'
[4.561s] INFO:colcon.colcon_core.shell:Creating package script '/users/1047487/rka/ros/install/rwander/share/rwander/package.sh'
[4.561s] INFO:colcon.colcon_core.shell:Creating package script '/users/1047487/rka/ros/install/rwander/share/rwander/package.bash'
[4.562s] INFO:colcon.colcon_core.shell:Creating package script '/users/1047487/rka/ros/install/rwander/share/rwander/package.zsh'
[4.563s] Level 1:colcon.colcon_core.environment:create_file_with_runtime_dependencies(/users/1047487/rka/ros/install/rwander/share/colcon-core/packages/rwander)
[4.564s] DEBUG:colcon.colcon_parallel_executor.executor.parallel:closing loop
[4.564s] DEBUG:colcon.colcon_parallel_executor.executor.parallel:loop closed
[4.564s] DEBUG:colcon.colcon_parallel_executor.executor.parallel:run_until_complete finished with '0'
[4.564s] DEBUG:colcon.colcon_core.event_reactor:joining thread
[4.573s] INFO:colcon.colcon_core.plugin_system:Skipping extension 'colcon_notification.desktop_notification.terminal_notifier': Not used on non-Darwin systems
[4.573s] INFO:colcon.colcon_core.plugin_system:Skipping extension 'colcon_notification.desktop_notification.win32': Not used on non-Windows systems
[4.573s] INFO:colcon.colcon_notification.desktop_notification:Sending desktop notification using 'notify2'
[4.607s] DEBUG:colcon.colcon_core.event_reactor:joined thread
[4.608s] INFO:colcon.colcon_core.shell:Creating prefix script '/users/1047487/rka/ros/install/local_setup.ps1'
[4.610s] INFO:colcon.colcon_core.shell:Creating prefix util module '/users/1047487/rka/ros/install/_local_setup_util_ps1.py'
[4.611s] INFO:colcon.colcon_core.shell:Creating prefix chain script '/users/1047487/rka/ros/install/setup.ps1'
[4.613s] INFO:colcon.colcon_core.shell:Creating prefix script '/users/1047487/rka/ros/install/local_setup.sh'
[4.613s] INFO:colcon.colcon_core.shell:Creating prefix util module '/users/1047487/rka/ros/install/_local_setup_util_sh.py'
[4.614s] INFO:colcon.colcon_core.shell:Creating prefix chain script '/users/1047487/rka/ros/install/setup.sh'
[4.615s] INFO:colcon.colcon_core.shell:Creating prefix script '/users/1047487/rka/ros/install/local_setup.bash'
[4.616s] INFO:colcon.colcon_core.shell:Creating prefix chain script '/users/1047487/rka/ros/install/setup.bash'
[4.635s] INFO:colcon.colcon_core.shell:Creating prefix script '/users/1047487/rka/ros/install/local_setup.zsh'
[4.636s] INFO:colcon.colcon_core.shell:Creating prefix chain script '/users/1047487/rka/ros/install/setup.zsh'
