[1.166s] Invoking command in '/users/1047487/rka/ros/build/rosbot_spin': PYTHONPATH=/users/1047487/rka/ros/build/rosbot_spin/prefix_override:/usr/lib/python3/dist-packages/colcon_core/task/python/colcon_distutils_commands:/users/1047487/rka/ros/install/rosbot_spin/lib/python3.10/site-packages:${PYTHONPATH} /usr/bin/python3 -W ignore:setup.py install is deprecated setup.py develop --editable --build-directory /users/1047487/rka/ros/build/rosbot_spin/build --no-deps symlink_data
[1.344s] /users/1047487/.local/lib/python3.10/site-packages/setuptools/_distutils/dist.py:261: UserWarning: Unknown distribution option: 'tests_require'
[1.344s]   warnings.warn(msg)
[1.638s] running develop
[1.638s] /users/1047487/.local/lib/python3.10/site-packages/setuptools/command/develop.py:41: EasyInstallDeprecationWarning: easy_install command is deprecated.
[1.638s] !!
[1.638s] 
[1.638s]         ********************************************************************************
[1.639s]         Please avoid running ``setup.py`` and ``easy_install``.
[1.639s]         Instead, use pypa/build, pypa/installer or other
[1.639s]         standards-based tools.
[1.639s] 
[1.639s]         See https://github.com/pypa/setuptools/issues/917 for details.
[1.639s]         ********************************************************************************
[1.639s] 
[1.639s] !!
[1.639s]   easy_install.initialize_options(self)
[2.035s] running egg_info
[2.065s] writing rosbot_spin.egg-info/PKG-INFO
[2.066s] writing dependency_links to rosbot_spin.egg-info/dependency_links.txt
[2.066s] writing entry points to rosbot_spin.egg-info/entry_points.txt
[2.066s] writing requirements to rosbot_spin.egg-info/requires.txt
[2.066s] writing top-level names to rosbot_spin.egg-info/top_level.txt
[2.128s] reading manifest file 'rosbot_spin.egg-info/SOURCES.txt'
[2.129s] writing manifest file 'rosbot_spin.egg-info/SOURCES.txt'
[2.193s] running build_ext
[2.193s] Creating /users/1047487/rka/ros/install/rosbot_spin/lib/python3.10/site-packages/rosbot-spin.egg-link (link to .)
[2.193s] Installing rspin script to /users/1047487/rka/ros/install/rosbot_spin/lib/rosbot_spin
[2.194s] 
[2.194s] Installed /users/1047487/rka/ros/build/rosbot_spin
[2.194s] running symlink_data
[2.238s] Invoked command in '/users/1047487/rka/ros/build/rosbot_spin' returned '0': PYTHONPATH=/users/1047487/rka/ros/build/rosbot_spin/prefix_override:/usr/lib/python3/dist-packages/colcon_core/task/python/colcon_distutils_commands:/users/1047487/rka/ros/install/rosbot_spin/lib/python3.10/site-packages:${PYTHONPATH} /usr/bin/python3 -W ignore:setup.py install is deprecated setup.py develop --editable --build-directory /users/1047487/rka/ros/build/rosbot_spin/build --no-deps symlink_data
