[2.275s] Invoking command in '/users/1047487/rka/ros/build/wall_following': PYTHONPATH=/users/1047487/rka/ros/build/wall_following/prefix_override:/usr/lib/python3/dist-packages/colcon_core/task/python/colcon_distutils_commands:/users/1047487/rka/ros/install/wall_following/lib/python3.10/site-packages:${PYTHONPATH} /usr/bin/python3 -W ignore:setup.py install is deprecated setup.py develop --editable --build-directory /users/1047487/rka/ros/build/wall_following/build --no-deps symlink_data
[2.470s] /users/1047487/.local/lib/python3.10/site-packages/setuptools/_distutils/dist.py:261: UserWarning: Unknown distribution option: 'tests_require'
[2.470s]   warnings.warn(msg)
[2.783s] running develop
[2.783s] /users/1047487/.local/lib/python3.10/site-packages/setuptools/command/develop.py:41: EasyInstallDeprecationWarning: easy_install command is deprecated.
[2.783s] !!
[2.784s] 
[2.784s]         ********************************************************************************
[2.784s]         Please avoid running ``setup.py`` and ``easy_install``.
[2.784s]         Instead, use pypa/build, pypa/installer or other
[2.784s]         standards-based tools.
[2.784s] 
[2.785s]         See https://github.com/pypa/setuptools/issues/917 for details.
[2.785s]         ********************************************************************************
[2.785s] 
[2.785s] !!
[2.785s]   easy_install.initialize_options(self)
[3.209s] running egg_info
[3.209s] creating wall_following.egg-info
[3.241s] writing wall_following.egg-info/PKG-INFO
[3.242s] writing dependency_links to wall_following.egg-info/dependency_links.txt
[3.242s] writing entry points to wall_following.egg-info/entry_points.txt
[3.242s] writing requirements to wall_following.egg-info/requires.txt
[3.242s] writing top-level names to wall_following.egg-info/top_level.txt
[3.242s] writing manifest file 'wall_following.egg-info/SOURCES.txt'
[3.306s] reading manifest file 'wall_following.egg-info/SOURCES.txt'
[3.307s] writing manifest file 'wall_following.egg-info/SOURCES.txt'
[3.395s] running build_ext
[3.396s] Creating /users/1047487/rka/ros/install/wall_following/lib/python3.10/site-packages/wall-following.egg-link (link to .)
[3.398s] Installing wall_follow_d script to /users/1047487/rka/ros/install/wall_following/lib/wall_following
[3.398s] Installing wall_follow_ls script to /users/1047487/rka/ros/install/wall_following/lib/wall_following
[3.398s] 
[3.398s] Installed /users/1047487/rka/ros/build/wall_following
[3.398s] running symlink_data
[3.399s] creating /users/1047487/rka/ros/install/wall_following/share/ament_index
[3.399s] creating /users/1047487/rka/ros/install/wall_following/share/ament_index/resource_index
[3.399s] creating /users/1047487/rka/ros/install/wall_following/share/ament_index/resource_index/packages
[3.399s] symbolically linking /users/1047487/rka/ros/build/wall_following/resource/wall_following -> /users/1047487/rka/ros/install/wall_following/share/ament_index/resource_index/packages
[3.399s] symbolically linking /users/1047487/rka/ros/build/wall_following/package.xml -> /users/1047487/rka/ros/install/wall_following/share/wall_following
[3.401s] creating /users/1047487/rka/ros/install/wall_following/share/wall_following/launch
[3.401s] symbolically linking /users/1047487/rka/ros/build/wall_following/launch/wf_ls.launch.py -> /users/1047487/rka/ros/install/wall_following/share/wall_following/launch
[3.401s] symbolically linking /users/1047487/rka/ros/build/wall_following/launch/wf_d.launch.py -> /users/1047487/rka/ros/install/wall_following/share/wall_following/launch
[3.401s] creating /users/1047487/rka/ros/install/wall_following/share/wall_following/config
[3.504s] Invoked command in '/users/1047487/rka/ros/build/wall_following' returned '0': PYTHONPATH=/users/1047487/rka/ros/build/wall_following/prefix_override:/usr/lib/python3/dist-packages/colcon_core/task/python/colcon_distutils_commands:/users/1047487/rka/ros/install/wall_following/lib/python3.10/site-packages:${PYTHONPATH} /usr/bin/python3 -W ignore:setup.py install is deprecated setup.py develop --editable --build-directory /users/1047487/rka/ros/build/wall_following/build --no-deps symlink_data
