[1.807s] Invoking command in '/users/1047487/rka/ros/build/rosbot_spin': PYTHONPATH=/users/1047487/rka/ros/build/rosbot_spin/prefix_override:/usr/lib/python3/dist-packages/colcon_core/task/python/colcon_distutils_commands:/users/1047487/rka/ros/install/rosbot_spin/lib/python3.10/site-packages:${PYTHONPATH} /usr/bin/python3 -W ignore:setup.py install is deprecated setup.py develop --editable --build-directory /users/1047487/rka/ros/build/rosbot_spin/build --no-deps symlink_data
[1.996s] /users/1047487/.local/lib/python3.10/site-packages/setuptools/_distutils/dist.py:261: UserWarning: Unknown distribution option: 'tests_require'
[1.996s]   warnings.warn(msg)
[2.300s] running develop
[2.302s] /users/1047487/.local/lib/python3.10/site-packages/setuptools/command/develop.py:41: EasyInstallDeprecationWarning: easy_install command is deprecated.
[2.302s] !!
[2.302s] 
[2.302s]         ********************************************************************************
[2.302s]         Please avoid running ``setup.py`` and ``easy_install``.
[2.302s]         Instead, use pypa/build, pypa/installer or other
[2.302s]         standards-based tools.
[2.302s] 
[2.302s]         See https://github.com/pypa/setuptools/issues/917 for details.
[2.303s]         ********************************************************************************
[2.303s] 
[2.303s] !!
[2.303s]   easy_install.initialize_options(self)
[2.712s] running egg_info
[2.744s] writing rosbot_spin.egg-info/PKG-INFO
[2.744s] writing dependency_links to rosbot_spin.egg-info/dependency_links.txt
[2.745s] writing entry points to rosbot_spin.egg-info/entry_points.txt
[2.745s] writing requirements to rosbot_spin.egg-info/requires.txt
[2.745s] writing top-level names to rosbot_spin.egg-info/top_level.txt
[2.808s] reading manifest file 'rosbot_spin.egg-info/SOURCES.txt'
[2.809s] writing manifest file 'rosbot_spin.egg-info/SOURCES.txt'
[2.877s] running build_ext
[2.877s] Creating /users/1047487/rka/ros/install/rosbot_spin/lib/python3.10/site-packages/rosbot-spin.egg-link (link to .)
[2.880s] Installing rspin script to /users/1047487/rka/ros/install/rosbot_spin/lib/rosbot_spin
[2.880s] 
[2.880s] Installed /users/1047487/rka/ros/build/rosbot_spin
[2.880s] running symlink_data
[2.976s] Invoked command in '/users/1047487/rka/ros/build/rosbot_spin' returned '0': PYTHONPATH=/users/1047487/rka/ros/build/rosbot_spin/prefix_override:/usr/lib/python3/dist-packages/colcon_core/task/python/colcon_distutils_commands:/users/1047487/rka/ros/install/rosbot_spin/lib/python3.10/site-packages:${PYTHONPATH} /usr/bin/python3 -W ignore:setup.py install is deprecated setup.py develop --editable --build-directory /users/1047487/rka/ros/build/rosbot_spin/build --no-deps symlink_data
