[2.575s] Invoking command in '/users/1047487/rka/ros/build/rwander': PYTHONPATH=/users/1047487/rka/ros/build/rwander/prefix_override:/usr/lib/python3/dist-packages/colcon_core/task/python/colcon_distutils_commands:/users/1047487/rka/ros/install/rwander/lib/python3.10/site-packages:${PYTHONPATH} /usr/bin/python3 -W ignore:setup.py install is deprecated setup.py develop --editable --build-directory /users/1047487/rka/ros/build/rwander/build --no-deps symlink_data
[2.853s] /users/1047487/.local/lib/python3.10/site-packages/setuptools/_distutils/dist.py:261: UserWarning: Unknown distribution option: 'tests_require'
[2.853s]   warnings.warn(msg)
[3.278s] running develop
[3.278s] /users/1047487/.local/lib/python3.10/site-packages/setuptools/command/develop.py:41: EasyInstallDeprecationWarning: easy_install command is deprecated.
[3.278s] !!
[3.278s] 
[3.278s]         ********************************************************************************
[3.278s]         Please avoid running ``setup.py`` and ``easy_install``.
[3.278s]         Instead, use pypa/build, pypa/installer or other
[3.278s]         standards-based tools.
[3.278s] 
[3.279s]         See https://github.com/pypa/setuptools/issues/917 for details.
[3.279s]         ********************************************************************************
[3.279s] 
[3.279s] !!
[3.279s]   easy_install.initialize_options(self)
[3.857s] running egg_info
[3.857s] creating rwander.egg-info
[3.902s] writing rwander.egg-info/PKG-INFO
[3.902s] writing dependency_links to rwander.egg-info/dependency_links.txt
[3.903s] writing entry points to rwander.egg-info/entry_points.txt
[3.903s] writing requirements to rwander.egg-info/requires.txt
[3.903s] writing top-level names to rwander.egg-info/top_level.txt
[3.903s] writing manifest file 'rwander.egg-info/SOURCES.txt'
[3.946s] reading manifest file 'rwander.egg-info/SOURCES.txt'
[3.947s] writing manifest file 'rwander.egg-info/SOURCES.txt'
[4.042s] running build_ext
[4.094s] Creating /users/1047487/rka/ros/install/rwander/lib/python3.10/site-packages/rwander.egg-link (link to .)
[4.095s] Installing rwander script to /users/1047487/rka/ros/install/rwander/lib/rwander
[4.096s] 
[4.096s] Installed /users/1047487/rka/ros/build/rwander
[4.096s] running symlink_data
[4.096s] creating /users/1047487/rka/ros/install/rwander/share/ament_index
[4.096s] creating /users/1047487/rka/ros/install/rwander/share/ament_index/resource_index
[4.096s] creating /users/1047487/rka/ros/install/rwander/share/ament_index/resource_index/packages
[4.097s] symbolically linking /users/1047487/rka/ros/build/rwander/resource/rwander -> /users/1047487/rka/ros/install/rwander/share/ament_index/resource_index/packages
[4.097s] symbolically linking /users/1047487/rka/ros/build/rwander/package.xml -> /users/1047487/rka/ros/install/rwander/share/rwander
[4.097s] creating /users/1047487/rka/ros/install/rwander/share/rwander/launch
[4.097s] symbolically linking /users/1047487/rka/ros/build/rwander/launch/rwander.launch.py -> /users/1047487/rka/ros/install/rwander/share/rwander/launch
[4.098s] creating /users/1047487/rka/ros/install/rwander/share/rwander/maps
[4.098s] symbolically linking /users/1047487/rka/ros/build/rwander/maps/map.png -> /users/1047487/rka/ros/install/rwander/share/rwander/maps
[4.212s] Invoked command in '/users/1047487/rka/ros/build/rwander' returned '0': PYTHONPATH=/users/1047487/rka/ros/build/rwander/prefix_override:/usr/lib/python3/dist-packages/colcon_core/task/python/colcon_distutils_commands:/users/1047487/rka/ros/install/rwander/lib/python3.10/site-packages:${PYTHONPATH} /usr/bin/python3 -W ignore:setup.py install is deprecated setup.py develop --editable --build-directory /users/1047487/rka/ros/build/rwander/build --no-deps symlink_data
