[1.810s] Invoking command in '/users/1047487/rka/ros/build/rwander': PYTHONPATH=/users/1047487/rka/ros/build/rwander/prefix_override:/usr/lib/python3/dist-packages/colcon_core/task/python/colcon_distutils_commands:/users/1047487/rka/ros/install/rwander/lib/python3.10/site-packages:${PYTHONPATH} /usr/bin/python3 -W ignore:setup.py install is deprecated setup.py develop --editable --build-directory /users/1047487/rka/ros/build/rwander/build --no-deps symlink_data
[1.991s] /users/1047487/.local/lib/python3.10/site-packages/setuptools/_distutils/dist.py:261: UserWarning: Unknown distribution option: 'tests_require'
[1.991s]   warnings.warn(msg)
[2.295s] running develop
[2.295s] /users/1047487/.local/lib/python3.10/site-packages/setuptools/command/develop.py:41: EasyInstallDeprecationWarning: easy_install command is deprecated.
[2.295s] !!
[2.296s] 
[2.296s]         ********************************************************************************
[2.296s]         Please avoid running ``setup.py`` and ``easy_install``.
[2.296s]         Instead, use pypa/build, pypa/installer or other
[2.296s]         standards-based tools.
[2.296s] 
[2.296s]         See https://github.com/pypa/setuptools/issues/917 for details.
[2.296s]         ********************************************************************************
[2.296s] 
[2.297s] !!
[2.297s]   easy_install.initialize_options(self)
[2.713s] running egg_info
[2.744s] writing rwander.egg-info/PKG-INFO
[2.745s] writing dependency_links to rwander.egg-info/dependency_links.txt
[2.745s] writing entry points to rwander.egg-info/entry_points.txt
[2.745s] writing requirements to rwander.egg-info/requires.txt
[2.745s] writing top-level names to rwander.egg-info/top_level.txt
[2.776s] reading manifest file 'rwander.egg-info/SOURCES.txt'
[2.777s] writing manifest file 'rwander.egg-info/SOURCES.txt'
[2.842s] running build_ext
[2.874s] Creating /users/1047487/rka/ros/install/rwander/lib/python3.10/site-packages/rwander.egg-link (link to .)
[2.876s] Installing rwander script to /users/1047487/rka/ros/install/rwander/lib/rwander
[2.876s] 
[2.876s] Installed /users/1047487/rka/ros/build/rwander
[2.876s] running symlink_data
[2.944s] Invoked command in '/users/1047487/rka/ros/build/rwander' returned '0': PYTHONPATH=/users/1047487/rka/ros/build/rwander/prefix_override:/usr/lib/python3/dist-packages/colcon_core/task/python/colcon_distutils_commands:/users/1047487/rka/ros/install/rwander/lib/python3.10/site-packages:${PYTHONPATH} /usr/bin/python3 -W ignore:setup.py install is deprecated setup.py develop --editable --build-directory /users/1047487/rka/ros/build/rwander/build --no-deps symlink_data
