[1.987s] Invoking command in '/users/1047487/rka/ros/build/odom2pose': PYTHONPATH=/users/1047487/rka/ros/build/odom2pose/prefix_override:/usr/lib/python3/dist-packages/colcon_core/task/python/colcon_distutils_commands:/users/1047487/rka/ros/install/odom2pose/lib/python3.10/site-packages:${PYTHONPATH} /usr/bin/python3 -W ignore:setup.py install is deprecated setup.py develop --editable --build-directory /users/1047487/rka/ros/build/odom2pose/build --no-deps symlink_data
[2.175s] /users/1047487/.local/lib/python3.10/site-packages/setuptools/_distutils/dist.py:261: UserWarning: Unknown distribution option: 'tests_require'
[2.175s]   warnings.warn(msg)
[2.476s] running develop
[2.476s] /users/1047487/.local/lib/python3.10/site-packages/setuptools/command/develop.py:41: EasyInstallDeprecationWarning: easy_install command is deprecated.
[2.476s] !!
[2.476s] 
[2.476s]         ********************************************************************************
[2.476s]         Please avoid running ``setup.py`` and ``easy_install``.
[2.476s]         Instead, use pypa/build, pypa/installer or other
[2.476s]         standards-based tools.
[2.477s] 
[2.477s]         See https://github.com/pypa/setuptools/issues/917 for details.
[2.477s]         ********************************************************************************
[2.477s] 
[2.477s] !!
[2.477s]   easy_install.initialize_options(self)
[2.887s] running egg_info
[2.917s] writing odom2pose.egg-info/PKG-INFO
[2.917s] writing dependency_links to odom2pose.egg-info/dependency_links.txt
[2.917s] writing entry points to odom2pose.egg-info/entry_points.txt
[2.918s] writing requirements to odom2pose.egg-info/requires.txt
[2.918s] writing top-level names to odom2pose.egg-info/top_level.txt
[2.979s] reading manifest file 'odom2pose.egg-info/SOURCES.txt'
[2.980s] writing manifest file 'odom2pose.egg-info/SOURCES.txt'
[3.046s] running build_ext
[3.046s] Creating /users/1047487/rka/ros/install/odom2pose/lib/python3.10/site-packages/odom2pose.egg-link (link to .)
[3.047s] Installing odom2pose script to /users/1047487/rka/ros/install/odom2pose/lib/odom2pose
[3.048s] 
[3.048s] Installed /users/1047487/rka/ros/build/odom2pose
[3.048s] running symlink_data
[3.117s] Invoked command in '/users/1047487/rka/ros/build/odom2pose' returned '0': PYTHONPATH=/users/1047487/rka/ros/build/odom2pose/prefix_override:/usr/lib/python3/dist-packages/colcon_core/task/python/colcon_distutils_commands:/users/1047487/rka/ros/install/odom2pose/lib/python3.10/site-packages:${PYTHONPATH} /usr/bin/python3 -W ignore:setup.py install is deprecated setup.py develop --editable --build-directory /users/1047487/rka/ros/build/odom2pose/build --no-deps symlink_data
