[1.698s] Invoking command in '/users/1047487/rka/ros/build/rosbot_spin': PYTHONPATH=/users/1047487/rka/ros/build/rosbot_spin/prefix_override:/usr/lib/python3/dist-packages/colcon_core/task/python/colcon_distutils_commands:/users/1047487/rka/ros/install/rosbot_spin/lib/python3.10/site-packages:${PYTHONPATH} /usr/bin/python3 -W ignore:setup.py install is deprecated setup.py develop --editable --build-directory /users/1047487/rka/ros/build/rosbot_spin/build --no-deps symlink_data
[1.883s] /users/1047487/.local/lib/python3.10/site-packages/setuptools/_distutils/dist.py:261: UserWarning: Unknown distribution option: 'tests_require'
[1.883s]   warnings.warn(msg)
[2.177s] running develop
[2.177s] /users/1047487/.local/lib/python3.10/site-packages/setuptools/command/develop.py:41: EasyInstallDeprecationWarning: easy_install command is deprecated.
[2.177s] !!
[2.178s] 
[2.178s]         ********************************************************************************
[2.178s]         Please avoid running ``setup.py`` and ``easy_install``.
[2.178s]         Instead, use pypa/build, pypa/installer or other
[2.178s]         standards-based tools.
[2.178s] 
[2.178s]         See https://github.com/pypa/setuptools/issues/917 for details.
[2.178s]         ********************************************************************************
[2.178s] 
[2.178s] !!
[2.178s]   easy_install.initialize_options(self)
[2.579s] running egg_info
[2.610s] writing rosbot_spin.egg-info/PKG-INFO
[2.610s] writing dependency_links to rosbot_spin.egg-info/dependency_links.txt
[2.611s] writing entry points to rosbot_spin.egg-info/entry_points.txt
[2.611s] writing requirements to rosbot_spin.egg-info/requires.txt
[2.611s] writing top-level names to rosbot_spin.egg-info/top_level.txt
[2.673s] reading manifest file 'rosbot_spin.egg-info/SOURCES.txt'
[2.674s] writing manifest file 'rosbot_spin.egg-info/SOURCES.txt'
[2.740s] running build_ext
[2.740s] Creating /users/1047487/rka/ros/install/rosbot_spin/lib/python3.10/site-packages/rosbot-spin.egg-link (link to .)
[2.741s] Installing rspin script to /users/1047487/rka/ros/install/rosbot_spin/lib/rosbot_spin
[2.741s] 
[2.742s] Installed /users/1047487/rka/ros/build/rosbot_spin
[2.742s] running symlink_data
[2.793s] Invoked command in '/users/1047487/rka/ros/build/rosbot_spin' returned '0': PYTHONPATH=/users/1047487/rka/ros/build/rosbot_spin/prefix_override:/usr/lib/python3/dist-packages/colcon_core/task/python/colcon_distutils_commands:/users/1047487/rka/ros/install/rosbot_spin/lib/python3.10/site-packages:${PYTHONPATH} /usr/bin/python3 -W ignore:setup.py install is deprecated setup.py develop --editable --build-directory /users/1047487/rka/ros/build/rosbot_spin/build --no-deps symlink_data
